[2025-09-09T18:42:34.019+0000] {processor.py:157} INFO - Started process (PID=167) to work on /opt/airflow/dags/realtime_pipeline.py
[2025-09-09T18:42:34.030+0000] {processor.py:829} INFO - Processing file /opt/airflow/dags/realtime_pipeline.py for tasks to queue
[2025-09-09T18:42:34.034+0000] {logging_mixin.py:154} INFO - [2025-09-09T18:42:34.033+0000] {dagbag.py:536} INFO - Filling up the DagBag from /opt/airflow/dags/realtime_pipeline.py
[2025-09-09T18:42:34.580+0000] {processor.py:839} INFO - DAG(s) dict_keys(['realtime_pipeline']) retrieved from /opt/airflow/dags/realtime_pipeline.py
[2025-09-09T18:42:35.827+0000] {logging_mixin.py:154} INFO - [2025-09-09T18:42:35.826+0000] {manager.py:499} INFO - Created Permission View: %s
[2025-09-09T18:42:35.882+0000] {logging_mixin.py:154} INFO - [2025-09-09T18:42:35.881+0000] {manager.py:499} INFO - Created Permission View: %s
[2025-09-09T18:42:35.900+0000] {logging_mixin.py:154} INFO - [2025-09-09T18:42:35.899+0000] {manager.py:499} INFO - Created Permission View: %s
[2025-09-09T18:42:35.903+0000] {logging_mixin.py:154} INFO - [2025-09-09T18:42:35.902+0000] {dag.py:2941} INFO - Sync 1 DAGs
[2025-09-09T18:42:36.047+0000] {logging_mixin.py:154} INFO - [2025-09-09T18:42:36.046+0000] {dag.py:2963} INFO - Creating ORM DAG for realtime_pipeline
[2025-09-09T18:42:36.190+0000] {logging_mixin.py:154} INFO - [2025-09-09T18:42:36.188+0000] {dag.py:3722} INFO - Setting next_dagrun for realtime_pipeline to 2025-09-08T00:00:00+00:00, run_after=2025-09-09T00:00:00+00:00
[2025-09-09T18:42:36.294+0000] {processor.py:179} INFO - Processing /opt/airflow/dags/realtime_pipeline.py took 2.312 seconds
[2025-09-09T18:43:06.838+0000] {processor.py:157} INFO - Started process (PID=172) to work on /opt/airflow/dags/realtime_pipeline.py
[2025-09-09T18:43:06.847+0000] {processor.py:829} INFO - Processing file /opt/airflow/dags/realtime_pipeline.py for tasks to queue
[2025-09-09T18:43:06.848+0000] {logging_mixin.py:154} INFO - [2025-09-09T18:43:06.848+0000] {dagbag.py:536} INFO - Filling up the DagBag from /opt/airflow/dags/realtime_pipeline.py
[2025-09-09T18:43:07.281+0000] {processor.py:839} INFO - DAG(s) dict_keys(['realtime_pipeline']) retrieved from /opt/airflow/dags/realtime_pipeline.py
[2025-09-09T18:43:07.597+0000] {logging_mixin.py:154} INFO - [2025-09-09T18:43:07.596+0000] {dag.py:2941} INFO - Sync 1 DAGs
[2025-09-09T18:43:07.811+0000] {logging_mixin.py:154} INFO - [2025-09-09T18:43:07.810+0000] {dag.py:3722} INFO - Setting next_dagrun for realtime_pipeline to 2025-09-08T00:00:00+00:00, run_after=2025-09-09T00:00:00+00:00
[2025-09-09T18:43:07.867+0000] {processor.py:179} INFO - Processing /opt/airflow/dags/realtime_pipeline.py took 1.046 seconds
[2025-09-09T18:43:38.593+0000] {processor.py:157} INFO - Started process (PID=177) to work on /opt/airflow/dags/realtime_pipeline.py
[2025-09-09T18:43:38.597+0000] {processor.py:829} INFO - Processing file /opt/airflow/dags/realtime_pipeline.py for tasks to queue
[2025-09-09T18:43:38.602+0000] {logging_mixin.py:154} INFO - [2025-09-09T18:43:38.601+0000] {dagbag.py:536} INFO - Filling up the DagBag from /opt/airflow/dags/realtime_pipeline.py
[2025-09-09T18:43:38.882+0000] {processor.py:839} INFO - DAG(s) dict_keys(['realtime_pipeline']) retrieved from /opt/airflow/dags/realtime_pipeline.py
[2025-09-09T18:43:39.267+0000] {logging_mixin.py:154} INFO - [2025-09-09T18:43:39.267+0000] {dag.py:2941} INFO - Sync 1 DAGs
[2025-09-09T18:43:39.462+0000] {logging_mixin.py:154} INFO - [2025-09-09T18:43:39.461+0000] {dag.py:3722} INFO - Setting next_dagrun for realtime_pipeline to 2025-09-08T00:00:00+00:00, run_after=2025-09-09T00:00:00+00:00
[2025-09-09T18:43:39.531+0000] {processor.py:179} INFO - Processing /opt/airflow/dags/realtime_pipeline.py took 1.047 seconds
[2025-09-09T18:44:09.867+0000] {processor.py:157} INFO - Started process (PID=182) to work on /opt/airflow/dags/realtime_pipeline.py
[2025-09-09T18:44:09.869+0000] {processor.py:829} INFO - Processing file /opt/airflow/dags/realtime_pipeline.py for tasks to queue
[2025-09-09T18:44:09.872+0000] {logging_mixin.py:154} INFO - [2025-09-09T18:44:09.872+0000] {dagbag.py:536} INFO - Filling up the DagBag from /opt/airflow/dags/realtime_pipeline.py
[2025-09-09T18:44:09.919+0000] {processor.py:839} INFO - DAG(s) dict_keys(['realtime_pipeline']) retrieved from /opt/airflow/dags/realtime_pipeline.py
[2025-09-09T18:44:09.998+0000] {logging_mixin.py:154} INFO - [2025-09-09T18:44:09.998+0000] {dag.py:2941} INFO - Sync 1 DAGs
[2025-09-09T18:44:10.033+0000] {logging_mixin.py:154} INFO - [2025-09-09T18:44:10.033+0000] {dag.py:3722} INFO - Setting next_dagrun for realtime_pipeline to 2025-09-08T00:00:00+00:00, run_after=2025-09-09T00:00:00+00:00
[2025-09-09T18:44:10.064+0000] {processor.py:179} INFO - Processing /opt/airflow/dags/realtime_pipeline.py took 0.203 seconds
[2025-09-09T18:44:40.460+0000] {processor.py:157} INFO - Started process (PID=187) to work on /opt/airflow/dags/realtime_pipeline.py
[2025-09-09T18:44:40.462+0000] {processor.py:829} INFO - Processing file /opt/airflow/dags/realtime_pipeline.py for tasks to queue
[2025-09-09T18:44:40.463+0000] {logging_mixin.py:154} INFO - [2025-09-09T18:44:40.463+0000] {dagbag.py:536} INFO - Filling up the DagBag from /opt/airflow/dags/realtime_pipeline.py
[2025-09-09T18:44:40.505+0000] {processor.py:839} INFO - DAG(s) dict_keys(['realtime_pipeline']) retrieved from /opt/airflow/dags/realtime_pipeline.py
[2025-09-09T18:44:40.872+0000] {logging_mixin.py:154} INFO - [2025-09-09T18:44:40.872+0000] {dag.py:2941} INFO - Sync 1 DAGs
[2025-09-09T18:44:41.124+0000] {logging_mixin.py:154} INFO - [2025-09-09T18:44:41.124+0000] {dag.py:3722} INFO - Setting next_dagrun for realtime_pipeline to 2025-09-08T00:00:00+00:00, run_after=2025-09-09T00:00:00+00:00
[2025-09-09T18:44:41.215+0000] {processor.py:179} INFO - Processing /opt/airflow/dags/realtime_pipeline.py took 0.761 seconds
[2025-09-09T18:45:11.738+0000] {processor.py:157} INFO - Started process (PID=192) to work on /opt/airflow/dags/realtime_pipeline.py
[2025-09-09T18:45:11.768+0000] {processor.py:829} INFO - Processing file /opt/airflow/dags/realtime_pipeline.py for tasks to queue
[2025-09-09T18:45:11.776+0000] {logging_mixin.py:154} INFO - [2025-09-09T18:45:11.773+0000] {dagbag.py:536} INFO - Filling up the DagBag from /opt/airflow/dags/realtime_pipeline.py
[2025-09-09T18:45:12.132+0000] {processor.py:839} INFO - DAG(s) dict_keys(['realtime_pipeline']) retrieved from /opt/airflow/dags/realtime_pipeline.py
[2025-09-09T18:45:12.420+0000] {logging_mixin.py:154} INFO - [2025-09-09T18:45:12.419+0000] {dag.py:2941} INFO - Sync 1 DAGs
[2025-09-09T18:45:12.529+0000] {logging_mixin.py:154} INFO - [2025-09-09T18:45:12.529+0000] {dag.py:3722} INFO - Setting next_dagrun for realtime_pipeline to 2025-09-08T00:00:00+00:00, run_after=2025-09-09T00:00:00+00:00
[2025-09-09T18:45:12.586+0000] {processor.py:179} INFO - Processing /opt/airflow/dags/realtime_pipeline.py took 0.724 seconds
[2025-09-09T18:45:42.801+0000] {processor.py:157} INFO - Started process (PID=197) to work on /opt/airflow/dags/realtime_pipeline.py
[2025-09-09T18:45:42.802+0000] {processor.py:829} INFO - Processing file /opt/airflow/dags/realtime_pipeline.py for tasks to queue
[2025-09-09T18:45:42.804+0000] {logging_mixin.py:154} INFO - [2025-09-09T18:45:42.804+0000] {dagbag.py:536} INFO - Filling up the DagBag from /opt/airflow/dags/realtime_pipeline.py
[2025-09-09T18:45:42.840+0000] {processor.py:839} INFO - DAG(s) dict_keys(['realtime_pipeline']) retrieved from /opt/airflow/dags/realtime_pipeline.py
[2025-09-09T18:45:42.877+0000] {logging_mixin.py:154} INFO - [2025-09-09T18:45:42.876+0000] {dag.py:2941} INFO - Sync 1 DAGs
[2025-09-09T18:45:42.901+0000] {logging_mixin.py:154} INFO - [2025-09-09T18:45:42.901+0000] {dag.py:3722} INFO - Setting next_dagrun for realtime_pipeline to 2025-09-08T00:00:00+00:00, run_after=2025-09-09T00:00:00+00:00
[2025-09-09T18:45:42.930+0000] {processor.py:179} INFO - Processing /opt/airflow/dags/realtime_pipeline.py took 0.133 seconds
[2025-09-09T18:46:13.276+0000] {processor.py:157} INFO - Started process (PID=202) to work on /opt/airflow/dags/realtime_pipeline.py
[2025-09-09T18:46:13.278+0000] {processor.py:829} INFO - Processing file /opt/airflow/dags/realtime_pipeline.py for tasks to queue
[2025-09-09T18:46:13.279+0000] {logging_mixin.py:154} INFO - [2025-09-09T18:46:13.279+0000] {dagbag.py:536} INFO - Filling up the DagBag from /opt/airflow/dags/realtime_pipeline.py
[2025-09-09T18:46:13.312+0000] {processor.py:839} INFO - DAG(s) dict_keys(['realtime_pipeline']) retrieved from /opt/airflow/dags/realtime_pipeline.py
[2025-09-09T18:46:13.351+0000] {logging_mixin.py:154} INFO - [2025-09-09T18:46:13.350+0000] {dag.py:2941} INFO - Sync 1 DAGs
[2025-09-09T18:46:13.386+0000] {logging_mixin.py:154} INFO - [2025-09-09T18:46:13.386+0000] {dag.py:3722} INFO - Setting next_dagrun for realtime_pipeline to 2025-09-08T00:00:00+00:00, run_after=2025-09-09T00:00:00+00:00
[2025-09-09T18:46:13.415+0000] {processor.py:179} INFO - Processing /opt/airflow/dags/realtime_pipeline.py took 0.143 seconds
[2025-09-09T18:46:43.842+0000] {processor.py:157} INFO - Started process (PID=220) to work on /opt/airflow/dags/realtime_pipeline.py
[2025-09-09T18:46:43.843+0000] {processor.py:829} INFO - Processing file /opt/airflow/dags/realtime_pipeline.py for tasks to queue
[2025-09-09T18:46:43.844+0000] {logging_mixin.py:154} INFO - [2025-09-09T18:46:43.844+0000] {dagbag.py:536} INFO - Filling up the DagBag from /opt/airflow/dags/realtime_pipeline.py
[2025-09-09T18:46:43.952+0000] {processor.py:839} INFO - DAG(s) dict_keys(['realtime_pipeline']) retrieved from /opt/airflow/dags/realtime_pipeline.py
[2025-09-09T18:46:44.216+0000] {logging_mixin.py:154} INFO - [2025-09-09T18:46:44.216+0000] {dag.py:2941} INFO - Sync 1 DAGs
[2025-09-09T18:46:44.422+0000] {logging_mixin.py:154} INFO - [2025-09-09T18:46:44.422+0000] {dag.py:3722} INFO - Setting next_dagrun for realtime_pipeline to 2025-09-09T00:00:00+00:00, run_after=2025-09-10T00:00:00+00:00
[2025-09-09T18:46:44.511+0000] {processor.py:179} INFO - Processing /opt/airflow/dags/realtime_pipeline.py took 0.672 seconds
[2025-09-09T18:47:14.990+0000] {processor.py:157} INFO - Started process (PID=237) to work on /opt/airflow/dags/realtime_pipeline.py
[2025-09-09T18:47:14.992+0000] {processor.py:829} INFO - Processing file /opt/airflow/dags/realtime_pipeline.py for tasks to queue
[2025-09-09T18:47:14.993+0000] {logging_mixin.py:154} INFO - [2025-09-09T18:47:14.993+0000] {dagbag.py:536} INFO - Filling up the DagBag from /opt/airflow/dags/realtime_pipeline.py
[2025-09-09T18:47:15.035+0000] {processor.py:839} INFO - DAG(s) dict_keys(['realtime_pipeline']) retrieved from /opt/airflow/dags/realtime_pipeline.py
[2025-09-09T18:47:15.076+0000] {logging_mixin.py:154} INFO - [2025-09-09T18:47:15.076+0000] {dag.py:2941} INFO - Sync 1 DAGs
[2025-09-09T18:47:15.107+0000] {logging_mixin.py:154} INFO - [2025-09-09T18:47:15.107+0000] {dag.py:3722} INFO - Setting next_dagrun for realtime_pipeline to 2025-09-09T00:00:00+00:00, run_after=2025-09-10T00:00:00+00:00
[2025-09-09T18:47:15.136+0000] {processor.py:179} INFO - Processing /opt/airflow/dags/realtime_pipeline.py took 0.150 seconds
[2025-09-09T18:47:45.469+0000] {processor.py:157} INFO - Started process (PID=242) to work on /opt/airflow/dags/realtime_pipeline.py
[2025-09-09T18:47:45.471+0000] {processor.py:829} INFO - Processing file /opt/airflow/dags/realtime_pipeline.py for tasks to queue
[2025-09-09T18:47:45.473+0000] {logging_mixin.py:154} INFO - [2025-09-09T18:47:45.472+0000] {dagbag.py:536} INFO - Filling up the DagBag from /opt/airflow/dags/realtime_pipeline.py
[2025-09-09T18:47:45.519+0000] {processor.py:839} INFO - DAG(s) dict_keys(['realtime_pipeline']) retrieved from /opt/airflow/dags/realtime_pipeline.py
[2025-09-09T18:47:45.565+0000] {logging_mixin.py:154} INFO - [2025-09-09T18:47:45.565+0000] {dag.py:2941} INFO - Sync 1 DAGs
[2025-09-09T18:47:45.607+0000] {logging_mixin.py:154} INFO - [2025-09-09T18:47:45.607+0000] {dag.py:3722} INFO - Setting next_dagrun for realtime_pipeline to 2025-09-09T00:00:00+00:00, run_after=2025-09-10T00:00:00+00:00
[2025-09-09T18:47:45.636+0000] {processor.py:179} INFO - Processing /opt/airflow/dags/realtime_pipeline.py took 0.183 seconds
[2025-09-09T18:48:16.083+0000] {processor.py:157} INFO - Started process (PID=247) to work on /opt/airflow/dags/realtime_pipeline.py
[2025-09-09T18:48:16.085+0000] {processor.py:829} INFO - Processing file /opt/airflow/dags/realtime_pipeline.py for tasks to queue
[2025-09-09T18:48:16.087+0000] {logging_mixin.py:154} INFO - [2025-09-09T18:48:16.086+0000] {dagbag.py:536} INFO - Filling up the DagBag from /opt/airflow/dags/realtime_pipeline.py
[2025-09-09T18:48:16.127+0000] {processor.py:839} INFO - DAG(s) dict_keys(['realtime_pipeline']) retrieved from /opt/airflow/dags/realtime_pipeline.py
[2025-09-09T18:48:16.166+0000] {logging_mixin.py:154} INFO - [2025-09-09T18:48:16.165+0000] {dag.py:2941} INFO - Sync 1 DAGs
[2025-09-09T18:48:16.195+0000] {logging_mixin.py:154} INFO - [2025-09-09T18:48:16.195+0000] {dag.py:3722} INFO - Setting next_dagrun for realtime_pipeline to 2025-09-09T00:00:00+00:00, run_after=2025-09-10T00:00:00+00:00
[2025-09-09T18:48:16.224+0000] {processor.py:179} INFO - Processing /opt/airflow/dags/realtime_pipeline.py took 0.146 seconds
[2025-09-09T18:48:46.525+0000] {processor.py:157} INFO - Started process (PID=264) to work on /opt/airflow/dags/realtime_pipeline.py
[2025-09-09T18:48:46.527+0000] {processor.py:829} INFO - Processing file /opt/airflow/dags/realtime_pipeline.py for tasks to queue
[2025-09-09T18:48:46.529+0000] {logging_mixin.py:154} INFO - [2025-09-09T18:48:46.528+0000] {dagbag.py:536} INFO - Filling up the DagBag from /opt/airflow/dags/realtime_pipeline.py
[2025-09-09T18:48:46.564+0000] {processor.py:839} INFO - DAG(s) dict_keys(['realtime_pipeline']) retrieved from /opt/airflow/dags/realtime_pipeline.py
[2025-09-09T18:48:46.609+0000] {logging_mixin.py:154} INFO - [2025-09-09T18:48:46.609+0000] {dag.py:2941} INFO - Sync 1 DAGs
[2025-09-09T18:48:46.647+0000] {logging_mixin.py:154} INFO - [2025-09-09T18:48:46.647+0000] {dag.py:3722} INFO - Setting next_dagrun for realtime_pipeline to 2025-09-09T00:00:00+00:00, run_after=2025-09-10T00:00:00+00:00
[2025-09-09T18:48:46.676+0000] {processor.py:179} INFO - Processing /opt/airflow/dags/realtime_pipeline.py took 0.157 seconds
[2025-09-09T18:49:17.233+0000] {processor.py:157} INFO - Started process (PID=269) to work on /opt/airflow/dags/realtime_pipeline.py
[2025-09-09T18:49:17.235+0000] {processor.py:829} INFO - Processing file /opt/airflow/dags/realtime_pipeline.py for tasks to queue
[2025-09-09T18:49:17.238+0000] {logging_mixin.py:154} INFO - [2025-09-09T18:49:17.237+0000] {dagbag.py:536} INFO - Filling up the DagBag from /opt/airflow/dags/realtime_pipeline.py
[2025-09-09T18:49:17.284+0000] {processor.py:839} INFO - DAG(s) dict_keys(['realtime_pipeline']) retrieved from /opt/airflow/dags/realtime_pipeline.py
[2025-09-09T18:49:17.331+0000] {logging_mixin.py:154} INFO - [2025-09-09T18:49:17.331+0000] {dag.py:2941} INFO - Sync 1 DAGs
[2025-09-09T18:49:17.361+0000] {logging_mixin.py:154} INFO - [2025-09-09T18:49:17.361+0000] {dag.py:3722} INFO - Setting next_dagrun for realtime_pipeline to 2025-09-09T00:00:00+00:00, run_after=2025-09-10T00:00:00+00:00
[2025-09-09T18:49:17.391+0000] {processor.py:179} INFO - Processing /opt/airflow/dags/realtime_pipeline.py took 0.166 seconds
[2025-09-09T18:49:47.698+0000] {processor.py:157} INFO - Started process (PID=274) to work on /opt/airflow/dags/realtime_pipeline.py
[2025-09-09T18:49:47.699+0000] {processor.py:829} INFO - Processing file /opt/airflow/dags/realtime_pipeline.py for tasks to queue
[2025-09-09T18:49:47.701+0000] {logging_mixin.py:154} INFO - [2025-09-09T18:49:47.700+0000] {dagbag.py:536} INFO - Filling up the DagBag from /opt/airflow/dags/realtime_pipeline.py
[2025-09-09T18:49:47.739+0000] {processor.py:839} INFO - DAG(s) dict_keys(['realtime_pipeline']) retrieved from /opt/airflow/dags/realtime_pipeline.py
[2025-09-09T18:49:47.780+0000] {logging_mixin.py:154} INFO - [2025-09-09T18:49:47.780+0000] {dag.py:2941} INFO - Sync 1 DAGs
[2025-09-09T18:49:47.836+0000] {logging_mixin.py:154} INFO - [2025-09-09T18:49:47.835+0000] {dag.py:3722} INFO - Setting next_dagrun for realtime_pipeline to 2025-09-09T00:00:00+00:00, run_after=2025-09-10T00:00:00+00:00
[2025-09-09T18:49:47.867+0000] {processor.py:179} INFO - Processing /opt/airflow/dags/realtime_pipeline.py took 0.175 seconds
[2025-09-09T18:50:18.222+0000] {processor.py:157} INFO - Started process (PID=279) to work on /opt/airflow/dags/realtime_pipeline.py
[2025-09-09T18:50:18.223+0000] {processor.py:829} INFO - Processing file /opt/airflow/dags/realtime_pipeline.py for tasks to queue
[2025-09-09T18:50:18.224+0000] {logging_mixin.py:154} INFO - [2025-09-09T18:50:18.224+0000] {dagbag.py:536} INFO - Filling up the DagBag from /opt/airflow/dags/realtime_pipeline.py
[2025-09-09T18:50:18.259+0000] {processor.py:839} INFO - DAG(s) dict_keys(['realtime_pipeline']) retrieved from /opt/airflow/dags/realtime_pipeline.py
[2025-09-09T18:50:18.304+0000] {logging_mixin.py:154} INFO - [2025-09-09T18:50:18.304+0000] {dag.py:2941} INFO - Sync 1 DAGs
[2025-09-09T18:50:18.381+0000] {logging_mixin.py:154} INFO - [2025-09-09T18:50:18.381+0000] {dag.py:3722} INFO - Setting next_dagrun for realtime_pipeline to 2025-09-09T00:00:00+00:00, run_after=2025-09-10T00:00:00+00:00
[2025-09-09T18:50:18.422+0000] {processor.py:179} INFO - Processing /opt/airflow/dags/realtime_pipeline.py took 0.205 seconds
[2025-09-09T18:50:48.681+0000] {processor.py:157} INFO - Started process (PID=284) to work on /opt/airflow/dags/realtime_pipeline.py
[2025-09-09T18:50:48.683+0000] {processor.py:829} INFO - Processing file /opt/airflow/dags/realtime_pipeline.py for tasks to queue
[2025-09-09T18:50:48.684+0000] {logging_mixin.py:154} INFO - [2025-09-09T18:50:48.684+0000] {dagbag.py:536} INFO - Filling up the DagBag from /opt/airflow/dags/realtime_pipeline.py
[2025-09-09T18:50:48.719+0000] {processor.py:839} INFO - DAG(s) dict_keys(['realtime_pipeline']) retrieved from /opt/airflow/dags/realtime_pipeline.py
[2025-09-09T18:50:48.759+0000] {logging_mixin.py:154} INFO - [2025-09-09T18:50:48.758+0000] {dag.py:2941} INFO - Sync 1 DAGs
[2025-09-09T18:50:48.789+0000] {logging_mixin.py:154} INFO - [2025-09-09T18:50:48.789+0000] {dag.py:3722} INFO - Setting next_dagrun for realtime_pipeline to 2025-09-09T00:00:00+00:00, run_after=2025-09-10T00:00:00+00:00
[2025-09-09T18:50:48.817+0000] {processor.py:179} INFO - Processing /opt/airflow/dags/realtime_pipeline.py took 0.141 seconds
