[2025-09-10T04:43:31.399+0000] {processor.py:157} INFO - Started process (PID=167) to work on /opt/airflow/dags/realtime_pipeline.py
[2025-09-10T04:43:31.402+0000] {processor.py:829} INFO - Processing file /opt/airflow/dags/realtime_pipeline.py for tasks to queue
[2025-09-10T04:43:31.405+0000] {logging_mixin.py:154} INFO - [2025-09-10T04:43:31.404+0000] {dagbag.py:536} INFO - Filling up the DagBag from /opt/airflow/dags/realtime_pipeline.py
[2025-09-10T04:43:31.597+0000] {processor.py:839} INFO - DAG(s) dict_keys(['realtime_pipeline']) retrieved from /opt/airflow/dags/realtime_pipeline.py
[2025-09-10T04:43:32.338+0000] {logging_mixin.py:154} INFO - [2025-09-10T04:43:32.338+0000] {manager.py:499} INFO - Created Permission View: %s
[2025-09-10T04:43:32.366+0000] {logging_mixin.py:154} INFO - [2025-09-10T04:43:32.365+0000] {manager.py:499} INFO - Created Permission View: %s
[2025-09-10T04:43:32.382+0000] {logging_mixin.py:154} INFO - [2025-09-10T04:43:32.381+0000] {manager.py:499} INFO - Created Permission View: %s
[2025-09-10T04:43:32.383+0000] {logging_mixin.py:154} INFO - [2025-09-10T04:43:32.382+0000] {dag.py:2941} INFO - Sync 1 DAGs
[2025-09-10T04:43:32.404+0000] {logging_mixin.py:154} INFO - [2025-09-10T04:43:32.404+0000] {dag.py:2963} INFO - Creating ORM DAG for realtime_pipeline
[2025-09-10T04:43:32.423+0000] {logging_mixin.py:154} INFO - [2025-09-10T04:43:32.422+0000] {dag.py:3722} INFO - Setting next_dagrun for realtime_pipeline to 2025-09-09T00:00:00+00:00, run_after=2025-09-10T00:00:00+00:00
[2025-09-10T04:43:32.468+0000] {processor.py:179} INFO - Processing /opt/airflow/dags/realtime_pipeline.py took 1.095 seconds
[2025-09-10T04:44:02.576+0000] {processor.py:157} INFO - Started process (PID=172) to work on /opt/airflow/dags/realtime_pipeline.py
[2025-09-10T04:44:02.578+0000] {processor.py:829} INFO - Processing file /opt/airflow/dags/realtime_pipeline.py for tasks to queue
[2025-09-10T04:44:02.580+0000] {logging_mixin.py:154} INFO - [2025-09-10T04:44:02.580+0000] {dagbag.py:536} INFO - Filling up the DagBag from /opt/airflow/dags/realtime_pipeline.py
[2025-09-10T04:44:02.632+0000] {processor.py:839} INFO - DAG(s) dict_keys(['realtime_pipeline']) retrieved from /opt/airflow/dags/realtime_pipeline.py
[2025-09-10T04:44:02.708+0000] {logging_mixin.py:154} INFO - [2025-09-10T04:44:02.708+0000] {dag.py:2941} INFO - Sync 1 DAGs
[2025-09-10T04:44:02.861+0000] {logging_mixin.py:154} INFO - [2025-09-10T04:44:02.860+0000] {dag.py:3722} INFO - Setting next_dagrun for realtime_pipeline to 2025-09-09T00:00:00+00:00, run_after=2025-09-10T00:00:00+00:00
[2025-09-10T04:44:02.949+0000] {processor.py:179} INFO - Processing /opt/airflow/dags/realtime_pipeline.py took 0.380 seconds
[2025-09-10T04:44:33.160+0000] {processor.py:157} INFO - Started process (PID=177) to work on /opt/airflow/dags/realtime_pipeline.py
[2025-09-10T04:44:33.162+0000] {processor.py:829} INFO - Processing file /opt/airflow/dags/realtime_pipeline.py for tasks to queue
[2025-09-10T04:44:33.166+0000] {logging_mixin.py:154} INFO - [2025-09-10T04:44:33.166+0000] {dagbag.py:536} INFO - Filling up the DagBag from /opt/airflow/dags/realtime_pipeline.py
[2025-09-10T04:44:33.249+0000] {processor.py:839} INFO - DAG(s) dict_keys(['realtime_pipeline']) retrieved from /opt/airflow/dags/realtime_pipeline.py
[2025-09-10T04:44:33.378+0000] {logging_mixin.py:154} INFO - [2025-09-10T04:44:33.378+0000] {dag.py:2941} INFO - Sync 1 DAGs
[2025-09-10T04:44:33.566+0000] {logging_mixin.py:154} INFO - [2025-09-10T04:44:33.564+0000] {dag.py:3722} INFO - Setting next_dagrun for realtime_pipeline to 2025-09-09T00:00:00+00:00, run_after=2025-09-10T00:00:00+00:00
[2025-09-10T04:44:33.649+0000] {processor.py:179} INFO - Processing /opt/airflow/dags/realtime_pipeline.py took 0.494 seconds
[2025-09-10T04:45:04.043+0000] {processor.py:157} INFO - Started process (PID=182) to work on /opt/airflow/dags/realtime_pipeline.py
[2025-09-10T04:45:04.045+0000] {processor.py:829} INFO - Processing file /opt/airflow/dags/realtime_pipeline.py for tasks to queue
[2025-09-10T04:45:04.046+0000] {logging_mixin.py:154} INFO - [2025-09-10T04:45:04.046+0000] {dagbag.py:536} INFO - Filling up the DagBag from /opt/airflow/dags/realtime_pipeline.py
[2025-09-10T04:45:04.084+0000] {processor.py:839} INFO - DAG(s) dict_keys(['realtime_pipeline']) retrieved from /opt/airflow/dags/realtime_pipeline.py
[2025-09-10T04:45:04.128+0000] {logging_mixin.py:154} INFO - [2025-09-10T04:45:04.128+0000] {dag.py:2941} INFO - Sync 1 DAGs
[2025-09-10T04:45:04.156+0000] {logging_mixin.py:154} INFO - [2025-09-10T04:45:04.155+0000] {dag.py:3722} INFO - Setting next_dagrun for realtime_pipeline to 2025-09-09T00:00:00+00:00, run_after=2025-09-10T00:00:00+00:00
[2025-09-10T04:45:04.181+0000] {processor.py:179} INFO - Processing /opt/airflow/dags/realtime_pipeline.py took 0.143 seconds
[2025-09-10T04:45:34.383+0000] {processor.py:157} INFO - Started process (PID=187) to work on /opt/airflow/dags/realtime_pipeline.py
[2025-09-10T04:45:34.385+0000] {processor.py:829} INFO - Processing file /opt/airflow/dags/realtime_pipeline.py for tasks to queue
[2025-09-10T04:45:34.386+0000] {logging_mixin.py:154} INFO - [2025-09-10T04:45:34.386+0000] {dagbag.py:536} INFO - Filling up the DagBag from /opt/airflow/dags/realtime_pipeline.py
[2025-09-10T04:45:34.426+0000] {processor.py:839} INFO - DAG(s) dict_keys(['realtime_pipeline']) retrieved from /opt/airflow/dags/realtime_pipeline.py
[2025-09-10T04:45:34.503+0000] {logging_mixin.py:154} INFO - [2025-09-10T04:45:34.502+0000] {dag.py:2941} INFO - Sync 1 DAGs
[2025-09-10T04:45:34.626+0000] {logging_mixin.py:154} INFO - [2025-09-10T04:45:34.626+0000] {dag.py:3722} INFO - Setting next_dagrun for realtime_pipeline to 2025-09-09T00:00:00+00:00, run_after=2025-09-10T00:00:00+00:00
[2025-09-10T04:45:34.670+0000] {processor.py:179} INFO - Processing /opt/airflow/dags/realtime_pipeline.py took 0.293 seconds
[2025-09-10T04:46:05.032+0000] {processor.py:157} INFO - Started process (PID=192) to work on /opt/airflow/dags/realtime_pipeline.py
[2025-09-10T04:46:05.038+0000] {processor.py:829} INFO - Processing file /opt/airflow/dags/realtime_pipeline.py for tasks to queue
[2025-09-10T04:46:05.041+0000] {logging_mixin.py:154} INFO - [2025-09-10T04:46:05.041+0000] {dagbag.py:536} INFO - Filling up the DagBag from /opt/airflow/dags/realtime_pipeline.py
[2025-09-10T04:46:05.084+0000] {processor.py:839} INFO - DAG(s) dict_keys(['realtime_pipeline']) retrieved from /opt/airflow/dags/realtime_pipeline.py
[2025-09-10T04:46:05.132+0000] {logging_mixin.py:154} INFO - [2025-09-10T04:46:05.132+0000] {dag.py:2941} INFO - Sync 1 DAGs
[2025-09-10T04:46:05.163+0000] {logging_mixin.py:154} INFO - [2025-09-10T04:46:05.163+0000] {dag.py:3722} INFO - Setting next_dagrun for realtime_pipeline to 2025-09-09T00:00:00+00:00, run_after=2025-09-10T00:00:00+00:00
[2025-09-10T04:46:05.194+0000] {processor.py:179} INFO - Processing /opt/airflow/dags/realtime_pipeline.py took 0.174 seconds
[2025-09-10T04:46:36.043+0000] {processor.py:157} INFO - Started process (PID=197) to work on /opt/airflow/dags/realtime_pipeline.py
[2025-09-10T04:46:36.045+0000] {processor.py:829} INFO - Processing file /opt/airflow/dags/realtime_pipeline.py for tasks to queue
[2025-09-10T04:46:36.047+0000] {logging_mixin.py:154} INFO - [2025-09-10T04:46:36.046+0000] {dagbag.py:536} INFO - Filling up the DagBag from /opt/airflow/dags/realtime_pipeline.py
[2025-09-10T04:46:36.106+0000] {processor.py:839} INFO - DAG(s) dict_keys(['realtime_pipeline']) retrieved from /opt/airflow/dags/realtime_pipeline.py
[2025-09-10T04:46:36.180+0000] {logging_mixin.py:154} INFO - [2025-09-10T04:46:36.180+0000] {dag.py:2941} INFO - Sync 1 DAGs
[2025-09-10T04:46:36.215+0000] {logging_mixin.py:154} INFO - [2025-09-10T04:46:36.214+0000] {dag.py:3722} INFO - Setting next_dagrun for realtime_pipeline to 2025-09-09T00:00:00+00:00, run_after=2025-09-10T00:00:00+00:00
[2025-09-10T04:46:36.245+0000] {processor.py:179} INFO - Processing /opt/airflow/dags/realtime_pipeline.py took 0.221 seconds
[2025-09-10T04:47:07.245+0000] {processor.py:157} INFO - Started process (PID=202) to work on /opt/airflow/dags/realtime_pipeline.py
[2025-09-10T04:47:07.247+0000] {processor.py:829} INFO - Processing file /opt/airflow/dags/realtime_pipeline.py for tasks to queue
[2025-09-10T04:47:07.249+0000] {logging_mixin.py:154} INFO - [2025-09-10T04:47:07.248+0000] {dagbag.py:536} INFO - Filling up the DagBag from /opt/airflow/dags/realtime_pipeline.py
[2025-09-10T04:47:07.286+0000] {processor.py:839} INFO - DAG(s) dict_keys(['realtime_pipeline']) retrieved from /opt/airflow/dags/realtime_pipeline.py
[2025-09-10T04:47:07.326+0000] {logging_mixin.py:154} INFO - [2025-09-10T04:47:07.326+0000] {dag.py:2941} INFO - Sync 1 DAGs
[2025-09-10T04:47:07.354+0000] {logging_mixin.py:154} INFO - [2025-09-10T04:47:07.354+0000] {dag.py:3722} INFO - Setting next_dagrun for realtime_pipeline to 2025-09-09T00:00:00+00:00, run_after=2025-09-10T00:00:00+00:00
[2025-09-10T04:47:07.382+0000] {processor.py:179} INFO - Processing /opt/airflow/dags/realtime_pipeline.py took 0.143 seconds
[2025-09-10T04:47:37.568+0000] {processor.py:157} INFO - Started process (PID=207) to work on /opt/airflow/dags/realtime_pipeline.py
[2025-09-10T04:47:37.570+0000] {processor.py:829} INFO - Processing file /opt/airflow/dags/realtime_pipeline.py for tasks to queue
[2025-09-10T04:47:37.571+0000] {logging_mixin.py:154} INFO - [2025-09-10T04:47:37.571+0000] {dagbag.py:536} INFO - Filling up the DagBag from /opt/airflow/dags/realtime_pipeline.py
[2025-09-10T04:47:37.608+0000] {processor.py:839} INFO - DAG(s) dict_keys(['realtime_pipeline']) retrieved from /opt/airflow/dags/realtime_pipeline.py
[2025-09-10T04:47:37.648+0000] {logging_mixin.py:154} INFO - [2025-09-10T04:47:37.648+0000] {dag.py:2941} INFO - Sync 1 DAGs
[2025-09-10T04:47:37.676+0000] {logging_mixin.py:154} INFO - [2025-09-10T04:47:37.676+0000] {dag.py:3722} INFO - Setting next_dagrun for realtime_pipeline to 2025-09-09T00:00:00+00:00, run_after=2025-09-10T00:00:00+00:00
[2025-09-10T04:47:37.704+0000] {processor.py:179} INFO - Processing /opt/airflow/dags/realtime_pipeline.py took 0.141 seconds
[2025-09-10T04:48:07.954+0000] {processor.py:157} INFO - Started process (PID=212) to work on /opt/airflow/dags/realtime_pipeline.py
[2025-09-10T04:48:07.956+0000] {processor.py:829} INFO - Processing file /opt/airflow/dags/realtime_pipeline.py for tasks to queue
[2025-09-10T04:48:07.957+0000] {logging_mixin.py:154} INFO - [2025-09-10T04:48:07.957+0000] {dagbag.py:536} INFO - Filling up the DagBag from /opt/airflow/dags/realtime_pipeline.py
[2025-09-10T04:48:07.996+0000] {processor.py:839} INFO - DAG(s) dict_keys(['realtime_pipeline']) retrieved from /opt/airflow/dags/realtime_pipeline.py
[2025-09-10T04:48:08.036+0000] {logging_mixin.py:154} INFO - [2025-09-10T04:48:08.036+0000] {dag.py:2941} INFO - Sync 1 DAGs
[2025-09-10T04:48:08.063+0000] {logging_mixin.py:154} INFO - [2025-09-10T04:48:08.063+0000] {dag.py:3722} INFO - Setting next_dagrun for realtime_pipeline to 2025-09-09T00:00:00+00:00, run_after=2025-09-10T00:00:00+00:00
[2025-09-10T04:48:08.092+0000] {processor.py:179} INFO - Processing /opt/airflow/dags/realtime_pipeline.py took 0.142 seconds
[2025-09-10T04:48:39.115+0000] {processor.py:157} INFO - Started process (PID=217) to work on /opt/airflow/dags/realtime_pipeline.py
[2025-09-10T04:48:39.120+0000] {processor.py:829} INFO - Processing file /opt/airflow/dags/realtime_pipeline.py for tasks to queue
[2025-09-10T04:48:39.124+0000] {logging_mixin.py:154} INFO - [2025-09-10T04:48:39.124+0000] {dagbag.py:536} INFO - Filling up the DagBag from /opt/airflow/dags/realtime_pipeline.py
[2025-09-10T04:48:39.266+0000] {processor.py:839} INFO - DAG(s) dict_keys(['realtime_pipeline']) retrieved from /opt/airflow/dags/realtime_pipeline.py
[2025-09-10T04:48:39.400+0000] {logging_mixin.py:154} INFO - [2025-09-10T04:48:39.399+0000] {dag.py:2941} INFO - Sync 1 DAGs
[2025-09-10T04:48:39.485+0000] {logging_mixin.py:154} INFO - [2025-09-10T04:48:39.485+0000] {dag.py:3722} INFO - Setting next_dagrun for realtime_pipeline to 2025-09-09T00:00:00+00:00, run_after=2025-09-10T00:00:00+00:00
[2025-09-10T04:48:39.520+0000] {processor.py:179} INFO - Processing /opt/airflow/dags/realtime_pipeline.py took 0.422 seconds
[2025-09-10T04:49:10.307+0000] {processor.py:157} INFO - Started process (PID=222) to work on /opt/airflow/dags/realtime_pipeline.py
[2025-09-10T04:49:10.308+0000] {processor.py:829} INFO - Processing file /opt/airflow/dags/realtime_pipeline.py for tasks to queue
[2025-09-10T04:49:10.310+0000] {logging_mixin.py:154} INFO - [2025-09-10T04:49:10.310+0000] {dagbag.py:536} INFO - Filling up the DagBag from /opt/airflow/dags/realtime_pipeline.py
[2025-09-10T04:49:10.345+0000] {processor.py:839} INFO - DAG(s) dict_keys(['realtime_pipeline']) retrieved from /opt/airflow/dags/realtime_pipeline.py
[2025-09-10T04:49:10.411+0000] {logging_mixin.py:154} INFO - [2025-09-10T04:49:10.411+0000] {dag.py:2941} INFO - Sync 1 DAGs
[2025-09-10T04:49:10.504+0000] {logging_mixin.py:154} INFO - [2025-09-10T04:49:10.503+0000] {dag.py:3722} INFO - Setting next_dagrun for realtime_pipeline to 2025-09-09T00:00:00+00:00, run_after=2025-09-10T00:00:00+00:00
[2025-09-10T04:49:10.557+0000] {processor.py:179} INFO - Processing /opt/airflow/dags/realtime_pipeline.py took 0.255 seconds
[2025-09-10T04:49:40.938+0000] {processor.py:157} INFO - Started process (PID=227) to work on /opt/airflow/dags/realtime_pipeline.py
[2025-09-10T04:49:40.939+0000] {processor.py:829} INFO - Processing file /opt/airflow/dags/realtime_pipeline.py for tasks to queue
[2025-09-10T04:49:40.940+0000] {logging_mixin.py:154} INFO - [2025-09-10T04:49:40.940+0000] {dagbag.py:536} INFO - Filling up the DagBag from /opt/airflow/dags/realtime_pipeline.py
[2025-09-10T04:49:40.985+0000] {processor.py:839} INFO - DAG(s) dict_keys(['realtime_pipeline']) retrieved from /opt/airflow/dags/realtime_pipeline.py
[2025-09-10T04:49:41.037+0000] {logging_mixin.py:154} INFO - [2025-09-10T04:49:41.036+0000] {dag.py:2941} INFO - Sync 1 DAGs
[2025-09-10T04:49:41.073+0000] {logging_mixin.py:154} INFO - [2025-09-10T04:49:41.072+0000] {dag.py:3722} INFO - Setting next_dagrun for realtime_pipeline to 2025-09-09T00:00:00+00:00, run_after=2025-09-10T00:00:00+00:00
[2025-09-10T04:49:41.098+0000] {processor.py:179} INFO - Processing /opt/airflow/dags/realtime_pipeline.py took 0.164 seconds
[2025-09-10T04:50:11.391+0000] {processor.py:157} INFO - Started process (PID=232) to work on /opt/airflow/dags/realtime_pipeline.py
[2025-09-10T04:50:11.392+0000] {processor.py:829} INFO - Processing file /opt/airflow/dags/realtime_pipeline.py for tasks to queue
[2025-09-10T04:50:11.393+0000] {logging_mixin.py:154} INFO - [2025-09-10T04:50:11.393+0000] {dagbag.py:536} INFO - Filling up the DagBag from /opt/airflow/dags/realtime_pipeline.py
[2025-09-10T04:50:11.428+0000] {processor.py:839} INFO - DAG(s) dict_keys(['realtime_pipeline']) retrieved from /opt/airflow/dags/realtime_pipeline.py
[2025-09-10T04:50:11.477+0000] {logging_mixin.py:154} INFO - [2025-09-10T04:50:11.477+0000] {dag.py:2941} INFO - Sync 1 DAGs
[2025-09-10T04:50:11.519+0000] {logging_mixin.py:154} INFO - [2025-09-10T04:50:11.519+0000] {dag.py:3722} INFO - Setting next_dagrun for realtime_pipeline to 2025-09-09T00:00:00+00:00, run_after=2025-09-10T00:00:00+00:00
[2025-09-10T04:50:11.572+0000] {processor.py:179} INFO - Processing /opt/airflow/dags/realtime_pipeline.py took 0.185 seconds
[2025-09-10T04:50:41.668+0000] {processor.py:157} INFO - Started process (PID=237) to work on /opt/airflow/dags/realtime_pipeline.py
[2025-09-10T04:50:41.669+0000] {processor.py:829} INFO - Processing file /opt/airflow/dags/realtime_pipeline.py for tasks to queue
[2025-09-10T04:50:41.670+0000] {logging_mixin.py:154} INFO - [2025-09-10T04:50:41.670+0000] {dagbag.py:536} INFO - Filling up the DagBag from /opt/airflow/dags/realtime_pipeline.py
[2025-09-10T04:50:41.717+0000] {processor.py:839} INFO - DAG(s) dict_keys(['realtime_pipeline']) retrieved from /opt/airflow/dags/realtime_pipeline.py
[2025-09-10T04:50:41.764+0000] {logging_mixin.py:154} INFO - [2025-09-10T04:50:41.764+0000] {dag.py:2941} INFO - Sync 1 DAGs
[2025-09-10T04:50:41.806+0000] {logging_mixin.py:154} INFO - [2025-09-10T04:50:41.806+0000] {dag.py:3722} INFO - Setting next_dagrun for realtime_pipeline to 2025-09-09T00:00:00+00:00, run_after=2025-09-10T00:00:00+00:00
[2025-09-10T04:50:41.938+0000] {processor.py:179} INFO - Processing /opt/airflow/dags/realtime_pipeline.py took 0.274 seconds
[2025-09-10T04:51:12.064+0000] {processor.py:157} INFO - Started process (PID=242) to work on /opt/airflow/dags/realtime_pipeline.py
[2025-09-10T04:51:12.065+0000] {processor.py:829} INFO - Processing file /opt/airflow/dags/realtime_pipeline.py for tasks to queue
[2025-09-10T04:51:12.067+0000] {logging_mixin.py:154} INFO - [2025-09-10T04:51:12.067+0000] {dagbag.py:536} INFO - Filling up the DagBag from /opt/airflow/dags/realtime_pipeline.py
[2025-09-10T04:51:12.100+0000] {processor.py:839} INFO - DAG(s) dict_keys(['realtime_pipeline']) retrieved from /opt/airflow/dags/realtime_pipeline.py
[2025-09-10T04:51:12.135+0000] {logging_mixin.py:154} INFO - [2025-09-10T04:51:12.135+0000] {dag.py:2941} INFO - Sync 1 DAGs
[2025-09-10T04:51:12.167+0000] {logging_mixin.py:154} INFO - [2025-09-10T04:51:12.167+0000] {dag.py:3722} INFO - Setting next_dagrun for realtime_pipeline to 2025-09-09T00:00:00+00:00, run_after=2025-09-10T00:00:00+00:00
[2025-09-10T04:51:12.202+0000] {processor.py:179} INFO - Processing /opt/airflow/dags/realtime_pipeline.py took 0.142 seconds
[2025-09-10T04:51:42.284+0000] {processor.py:157} INFO - Started process (PID=247) to work on /opt/airflow/dags/realtime_pipeline.py
[2025-09-10T04:51:42.285+0000] {processor.py:829} INFO - Processing file /opt/airflow/dags/realtime_pipeline.py for tasks to queue
[2025-09-10T04:51:42.286+0000] {logging_mixin.py:154} INFO - [2025-09-10T04:51:42.286+0000] {dagbag.py:536} INFO - Filling up the DagBag from /opt/airflow/dags/realtime_pipeline.py
[2025-09-10T04:51:42.323+0000] {processor.py:839} INFO - DAG(s) dict_keys(['realtime_pipeline']) retrieved from /opt/airflow/dags/realtime_pipeline.py
[2025-09-10T04:51:42.374+0000] {logging_mixin.py:154} INFO - [2025-09-10T04:51:42.373+0000] {dag.py:2941} INFO - Sync 1 DAGs
[2025-09-10T04:51:42.415+0000] {logging_mixin.py:154} INFO - [2025-09-10T04:51:42.413+0000] {dag.py:3722} INFO - Setting next_dagrun for realtime_pipeline to 2025-09-09T00:00:00+00:00, run_after=2025-09-10T00:00:00+00:00
[2025-09-10T04:51:42.489+0000] {processor.py:179} INFO - Processing /opt/airflow/dags/realtime_pipeline.py took 0.211 seconds
[2025-09-10T04:52:13.378+0000] {processor.py:157} INFO - Started process (PID=252) to work on /opt/airflow/dags/realtime_pipeline.py
[2025-09-10T04:52:13.381+0000] {processor.py:829} INFO - Processing file /opt/airflow/dags/realtime_pipeline.py for tasks to queue
[2025-09-10T04:52:13.382+0000] {logging_mixin.py:154} INFO - [2025-09-10T04:52:13.382+0000] {dagbag.py:536} INFO - Filling up the DagBag from /opt/airflow/dags/realtime_pipeline.py
[2025-09-10T04:52:13.427+0000] {processor.py:839} INFO - DAG(s) dict_keys(['realtime_pipeline']) retrieved from /opt/airflow/dags/realtime_pipeline.py
[2025-09-10T04:52:13.511+0000] {logging_mixin.py:154} INFO - [2025-09-10T04:52:13.510+0000] {dag.py:2941} INFO - Sync 1 DAGs
[2025-09-10T04:52:13.548+0000] {logging_mixin.py:154} INFO - [2025-09-10T04:52:13.548+0000] {dag.py:3722} INFO - Setting next_dagrun for realtime_pipeline to 2025-09-09T00:00:00+00:00, run_after=2025-09-10T00:00:00+00:00
[2025-09-10T04:52:13.583+0000] {processor.py:179} INFO - Processing /opt/airflow/dags/realtime_pipeline.py took 0.218 seconds
[2025-09-10T04:52:43.644+0000] {processor.py:157} INFO - Started process (PID=257) to work on /opt/airflow/dags/realtime_pipeline.py
[2025-09-10T04:52:43.646+0000] {processor.py:829} INFO - Processing file /opt/airflow/dags/realtime_pipeline.py for tasks to queue
[2025-09-10T04:52:43.648+0000] {logging_mixin.py:154} INFO - [2025-09-10T04:52:43.647+0000] {dagbag.py:536} INFO - Filling up the DagBag from /opt/airflow/dags/realtime_pipeline.py
[2025-09-10T04:52:43.690+0000] {processor.py:839} INFO - DAG(s) dict_keys(['realtime_pipeline']) retrieved from /opt/airflow/dags/realtime_pipeline.py
[2025-09-10T04:52:43.737+0000] {logging_mixin.py:154} INFO - [2025-09-10T04:52:43.736+0000] {dag.py:2941} INFO - Sync 1 DAGs
[2025-09-10T04:52:43.766+0000] {logging_mixin.py:154} INFO - [2025-09-10T04:52:43.765+0000] {dag.py:3722} INFO - Setting next_dagrun for realtime_pipeline to 2025-09-09T00:00:00+00:00, run_after=2025-09-10T00:00:00+00:00
[2025-09-10T04:52:43.795+0000] {processor.py:179} INFO - Processing /opt/airflow/dags/realtime_pipeline.py took 0.162 seconds
[2025-09-10T04:53:13.857+0000] {processor.py:157} INFO - Started process (PID=262) to work on /opt/airflow/dags/realtime_pipeline.py
[2025-09-10T04:53:13.858+0000] {processor.py:829} INFO - Processing file /opt/airflow/dags/realtime_pipeline.py for tasks to queue
[2025-09-10T04:53:13.859+0000] {logging_mixin.py:154} INFO - [2025-09-10T04:53:13.859+0000] {dagbag.py:536} INFO - Filling up the DagBag from /opt/airflow/dags/realtime_pipeline.py
[2025-09-10T04:53:13.892+0000] {processor.py:839} INFO - DAG(s) dict_keys(['realtime_pipeline']) retrieved from /opt/airflow/dags/realtime_pipeline.py
[2025-09-10T04:53:13.934+0000] {logging_mixin.py:154} INFO - [2025-09-10T04:53:13.934+0000] {dag.py:2941} INFO - Sync 1 DAGs
[2025-09-10T04:53:13.962+0000] {logging_mixin.py:154} INFO - [2025-09-10T04:53:13.962+0000] {dag.py:3722} INFO - Setting next_dagrun for realtime_pipeline to 2025-09-09T00:00:00+00:00, run_after=2025-09-10T00:00:00+00:00
[2025-09-10T04:53:13.989+0000] {processor.py:179} INFO - Processing /opt/airflow/dags/realtime_pipeline.py took 0.136 seconds
[2025-09-10T04:53:44.964+0000] {processor.py:157} INFO - Started process (PID=267) to work on /opt/airflow/dags/realtime_pipeline.py
[2025-09-10T04:53:44.976+0000] {processor.py:829} INFO - Processing file /opt/airflow/dags/realtime_pipeline.py for tasks to queue
[2025-09-10T04:53:44.978+0000] {logging_mixin.py:154} INFO - [2025-09-10T04:53:44.978+0000] {dagbag.py:536} INFO - Filling up the DagBag from /opt/airflow/dags/realtime_pipeline.py
[2025-09-10T04:53:45.008+0000] {processor.py:839} INFO - DAG(s) dict_keys(['realtime_pipeline']) retrieved from /opt/airflow/dags/realtime_pipeline.py
[2025-09-10T04:53:45.047+0000] {logging_mixin.py:154} INFO - [2025-09-10T04:53:45.046+0000] {dag.py:2941} INFO - Sync 1 DAGs
[2025-09-10T04:53:45.076+0000] {logging_mixin.py:154} INFO - [2025-09-10T04:53:45.076+0000] {dag.py:3722} INFO - Setting next_dagrun for realtime_pipeline to 2025-09-09T00:00:00+00:00, run_after=2025-09-10T00:00:00+00:00
[2025-09-10T04:53:45.103+0000] {processor.py:179} INFO - Processing /opt/airflow/dags/realtime_pipeline.py took 0.143 seconds
[2025-09-10T04:54:15.344+0000] {processor.py:157} INFO - Started process (PID=272) to work on /opt/airflow/dags/realtime_pipeline.py
[2025-09-10T04:54:15.346+0000] {processor.py:829} INFO - Processing file /opt/airflow/dags/realtime_pipeline.py for tasks to queue
[2025-09-10T04:54:15.348+0000] {logging_mixin.py:154} INFO - [2025-09-10T04:54:15.347+0000] {dagbag.py:536} INFO - Filling up the DagBag from /opt/airflow/dags/realtime_pipeline.py
[2025-09-10T04:54:15.387+0000] {processor.py:839} INFO - DAG(s) dict_keys(['realtime_pipeline']) retrieved from /opt/airflow/dags/realtime_pipeline.py
[2025-09-10T04:54:15.441+0000] {logging_mixin.py:154} INFO - [2025-09-10T04:54:15.441+0000] {dag.py:2941} INFO - Sync 1 DAGs
[2025-09-10T04:54:15.476+0000] {logging_mixin.py:154} INFO - [2025-09-10T04:54:15.475+0000] {dag.py:3722} INFO - Setting next_dagrun for realtime_pipeline to 2025-09-09T00:00:00+00:00, run_after=2025-09-10T00:00:00+00:00
[2025-09-10T04:54:15.507+0000] {processor.py:179} INFO - Processing /opt/airflow/dags/realtime_pipeline.py took 0.168 seconds
[2025-09-10T04:54:45.622+0000] {processor.py:157} INFO - Started process (PID=277) to work on /opt/airflow/dags/realtime_pipeline.py
[2025-09-10T04:54:45.623+0000] {processor.py:829} INFO - Processing file /opt/airflow/dags/realtime_pipeline.py for tasks to queue
[2025-09-10T04:54:45.624+0000] {logging_mixin.py:154} INFO - [2025-09-10T04:54:45.624+0000] {dagbag.py:536} INFO - Filling up the DagBag from /opt/airflow/dags/realtime_pipeline.py
[2025-09-10T04:54:45.661+0000] {processor.py:839} INFO - DAG(s) dict_keys(['realtime_pipeline']) retrieved from /opt/airflow/dags/realtime_pipeline.py
[2025-09-10T04:54:45.708+0000] {logging_mixin.py:154} INFO - [2025-09-10T04:54:45.708+0000] {dag.py:2941} INFO - Sync 1 DAGs
[2025-09-10T04:54:45.740+0000] {logging_mixin.py:154} INFO - [2025-09-10T04:54:45.740+0000] {dag.py:3722} INFO - Setting next_dagrun for realtime_pipeline to 2025-09-09T00:00:00+00:00, run_after=2025-09-10T00:00:00+00:00
[2025-09-10T04:54:45.776+0000] {processor.py:179} INFO - Processing /opt/airflow/dags/realtime_pipeline.py took 0.160 seconds
[2025-09-10T04:55:17.784+0000] {processor.py:157} INFO - Started process (PID=282) to work on /opt/airflow/dags/realtime_pipeline.py
[2025-09-10T04:55:17.786+0000] {processor.py:829} INFO - Processing file /opt/airflow/dags/realtime_pipeline.py for tasks to queue
[2025-09-10T04:55:17.787+0000] {logging_mixin.py:154} INFO - [2025-09-10T04:55:17.787+0000] {dagbag.py:536} INFO - Filling up the DagBag from /opt/airflow/dags/realtime_pipeline.py
[2025-09-10T04:55:17.826+0000] {processor.py:839} INFO - DAG(s) dict_keys(['realtime_pipeline']) retrieved from /opt/airflow/dags/realtime_pipeline.py
[2025-09-10T04:55:17.875+0000] {logging_mixin.py:154} INFO - [2025-09-10T04:55:17.875+0000] {dag.py:2941} INFO - Sync 1 DAGs
[2025-09-10T04:55:17.914+0000] {logging_mixin.py:154} INFO - [2025-09-10T04:55:17.913+0000] {dag.py:3722} INFO - Setting next_dagrun for realtime_pipeline to 2025-09-09T00:00:00+00:00, run_after=2025-09-10T00:00:00+00:00
[2025-09-10T04:55:17.956+0000] {processor.py:179} INFO - Processing /opt/airflow/dags/realtime_pipeline.py took 0.177 seconds
[2025-09-10T04:55:48.174+0000] {processor.py:157} INFO - Started process (PID=287) to work on /opt/airflow/dags/realtime_pipeline.py
[2025-09-10T04:55:48.176+0000] {processor.py:829} INFO - Processing file /opt/airflow/dags/realtime_pipeline.py for tasks to queue
[2025-09-10T04:55:48.177+0000] {logging_mixin.py:154} INFO - [2025-09-10T04:55:48.177+0000] {dagbag.py:536} INFO - Filling up the DagBag from /opt/airflow/dags/realtime_pipeline.py
[2025-09-10T04:55:48.211+0000] {processor.py:839} INFO - DAG(s) dict_keys(['realtime_pipeline']) retrieved from /opt/airflow/dags/realtime_pipeline.py
[2025-09-10T04:55:48.264+0000] {logging_mixin.py:154} INFO - [2025-09-10T04:55:48.264+0000] {dag.py:2941} INFO - Sync 1 DAGs
[2025-09-10T04:55:48.303+0000] {logging_mixin.py:154} INFO - [2025-09-10T04:55:48.303+0000] {dag.py:3722} INFO - Setting next_dagrun for realtime_pipeline to 2025-09-09T00:00:00+00:00, run_after=2025-09-10T00:00:00+00:00
[2025-09-10T04:55:48.344+0000] {processor.py:179} INFO - Processing /opt/airflow/dags/realtime_pipeline.py took 0.175 seconds
[2025-09-10T04:56:18.670+0000] {processor.py:157} INFO - Started process (PID=292) to work on /opt/airflow/dags/realtime_pipeline.py
[2025-09-10T04:56:18.672+0000] {processor.py:829} INFO - Processing file /opt/airflow/dags/realtime_pipeline.py for tasks to queue
[2025-09-10T04:56:18.674+0000] {logging_mixin.py:154} INFO - [2025-09-10T04:56:18.673+0000] {dagbag.py:536} INFO - Filling up the DagBag from /opt/airflow/dags/realtime_pipeline.py
[2025-09-10T04:56:18.715+0000] {processor.py:839} INFO - DAG(s) dict_keys(['realtime_pipeline']) retrieved from /opt/airflow/dags/realtime_pipeline.py
[2025-09-10T04:56:18.770+0000] {logging_mixin.py:154} INFO - [2025-09-10T04:56:18.770+0000] {dag.py:2941} INFO - Sync 1 DAGs
[2025-09-10T04:56:18.803+0000] {logging_mixin.py:154} INFO - [2025-09-10T04:56:18.803+0000] {dag.py:3722} INFO - Setting next_dagrun for realtime_pipeline to 2025-09-09T00:00:00+00:00, run_after=2025-09-10T00:00:00+00:00
[2025-09-10T04:56:18.841+0000] {processor.py:179} INFO - Processing /opt/airflow/dags/realtime_pipeline.py took 0.178 seconds
[2025-09-10T04:56:48.947+0000] {processor.py:157} INFO - Started process (PID=297) to work on /opt/airflow/dags/realtime_pipeline.py
[2025-09-10T04:56:48.951+0000] {processor.py:829} INFO - Processing file /opt/airflow/dags/realtime_pipeline.py for tasks to queue
[2025-09-10T04:56:48.953+0000] {logging_mixin.py:154} INFO - [2025-09-10T04:56:48.952+0000] {dagbag.py:536} INFO - Filling up the DagBag from /opt/airflow/dags/realtime_pipeline.py
[2025-09-10T04:56:48.998+0000] {processor.py:839} INFO - DAG(s) dict_keys(['realtime_pipeline']) retrieved from /opt/airflow/dags/realtime_pipeline.py
[2025-09-10T04:56:49.047+0000] {logging_mixin.py:154} INFO - [2025-09-10T04:56:49.047+0000] {dag.py:2941} INFO - Sync 1 DAGs
[2025-09-10T04:56:49.079+0000] {logging_mixin.py:154} INFO - [2025-09-10T04:56:49.078+0000] {dag.py:3722} INFO - Setting next_dagrun for realtime_pipeline to 2025-09-09T00:00:00+00:00, run_after=2025-09-10T00:00:00+00:00
[2025-09-10T04:56:49.113+0000] {processor.py:179} INFO - Processing /opt/airflow/dags/realtime_pipeline.py took 0.172 seconds
[2025-09-10T04:57:19.286+0000] {processor.py:157} INFO - Started process (PID=302) to work on /opt/airflow/dags/realtime_pipeline.py
[2025-09-10T04:57:19.288+0000] {processor.py:829} INFO - Processing file /opt/airflow/dags/realtime_pipeline.py for tasks to queue
[2025-09-10T04:57:19.289+0000] {logging_mixin.py:154} INFO - [2025-09-10T04:57:19.289+0000] {dagbag.py:536} INFO - Filling up the DagBag from /opt/airflow/dags/realtime_pipeline.py
[2025-09-10T04:57:19.326+0000] {processor.py:839} INFO - DAG(s) dict_keys(['realtime_pipeline']) retrieved from /opt/airflow/dags/realtime_pipeline.py
[2025-09-10T04:57:19.374+0000] {logging_mixin.py:154} INFO - [2025-09-10T04:57:19.373+0000] {dag.py:2941} INFO - Sync 1 DAGs
[2025-09-10T04:57:19.405+0000] {logging_mixin.py:154} INFO - [2025-09-10T04:57:19.404+0000] {dag.py:3722} INFO - Setting next_dagrun for realtime_pipeline to 2025-09-09T00:00:00+00:00, run_after=2025-09-10T00:00:00+00:00
[2025-09-10T04:57:19.475+0000] {processor.py:179} INFO - Processing /opt/airflow/dags/realtime_pipeline.py took 0.193 seconds
[2025-09-10T04:57:49.646+0000] {processor.py:157} INFO - Started process (PID=307) to work on /opt/airflow/dags/realtime_pipeline.py
[2025-09-10T04:57:49.647+0000] {processor.py:829} INFO - Processing file /opt/airflow/dags/realtime_pipeline.py for tasks to queue
[2025-09-10T04:57:49.649+0000] {logging_mixin.py:154} INFO - [2025-09-10T04:57:49.648+0000] {dagbag.py:536} INFO - Filling up the DagBag from /opt/airflow/dags/realtime_pipeline.py
[2025-09-10T04:57:49.691+0000] {processor.py:839} INFO - DAG(s) dict_keys(['realtime_pipeline']) retrieved from /opt/airflow/dags/realtime_pipeline.py
[2025-09-10T04:57:49.751+0000] {logging_mixin.py:154} INFO - [2025-09-10T04:57:49.750+0000] {dag.py:2941} INFO - Sync 1 DAGs
[2025-09-10T04:57:49.788+0000] {logging_mixin.py:154} INFO - [2025-09-10T04:57:49.788+0000] {dag.py:3722} INFO - Setting next_dagrun for realtime_pipeline to 2025-09-09T00:00:00+00:00, run_after=2025-09-10T00:00:00+00:00
[2025-09-10T04:57:49.825+0000] {processor.py:179} INFO - Processing /opt/airflow/dags/realtime_pipeline.py took 0.184 seconds
[2025-09-10T04:58:20.045+0000] {processor.py:157} INFO - Started process (PID=312) to work on /opt/airflow/dags/realtime_pipeline.py
[2025-09-10T04:58:20.047+0000] {processor.py:829} INFO - Processing file /opt/airflow/dags/realtime_pipeline.py for tasks to queue
[2025-09-10T04:58:20.049+0000] {logging_mixin.py:154} INFO - [2025-09-10T04:58:20.048+0000] {dagbag.py:536} INFO - Filling up the DagBag from /opt/airflow/dags/realtime_pipeline.py
[2025-09-10T04:58:20.096+0000] {processor.py:839} INFO - DAG(s) dict_keys(['realtime_pipeline']) retrieved from /opt/airflow/dags/realtime_pipeline.py
[2025-09-10T04:58:20.142+0000] {logging_mixin.py:154} INFO - [2025-09-10T04:58:20.141+0000] {dag.py:2941} INFO - Sync 1 DAGs
[2025-09-10T04:58:20.178+0000] {logging_mixin.py:154} INFO - [2025-09-10T04:58:20.177+0000] {dag.py:3722} INFO - Setting next_dagrun for realtime_pipeline to 2025-09-09T00:00:00+00:00, run_after=2025-09-10T00:00:00+00:00
[2025-09-10T04:58:20.208+0000] {processor.py:179} INFO - Processing /opt/airflow/dags/realtime_pipeline.py took 0.168 seconds
[2025-09-10T04:58:50.365+0000] {processor.py:157} INFO - Started process (PID=317) to work on /opt/airflow/dags/realtime_pipeline.py
[2025-09-10T04:58:50.367+0000] {processor.py:829} INFO - Processing file /opt/airflow/dags/realtime_pipeline.py for tasks to queue
[2025-09-10T04:58:50.369+0000] {logging_mixin.py:154} INFO - [2025-09-10T04:58:50.368+0000] {dagbag.py:536} INFO - Filling up the DagBag from /opt/airflow/dags/realtime_pipeline.py
[2025-09-10T04:58:50.408+0000] {processor.py:839} INFO - DAG(s) dict_keys(['realtime_pipeline']) retrieved from /opt/airflow/dags/realtime_pipeline.py
[2025-09-10T04:58:50.462+0000] {logging_mixin.py:154} INFO - [2025-09-10T04:58:50.462+0000] {dag.py:2941} INFO - Sync 1 DAGs
[2025-09-10T04:58:50.496+0000] {logging_mixin.py:154} INFO - [2025-09-10T04:58:50.495+0000] {dag.py:3722} INFO - Setting next_dagrun for realtime_pipeline to 2025-09-09T00:00:00+00:00, run_after=2025-09-10T00:00:00+00:00
[2025-09-10T04:58:50.527+0000] {processor.py:179} INFO - Processing /opt/airflow/dags/realtime_pipeline.py took 0.167 seconds
[2025-09-10T04:59:20.662+0000] {processor.py:157} INFO - Started process (PID=322) to work on /opt/airflow/dags/realtime_pipeline.py
[2025-09-10T04:59:20.665+0000] {processor.py:829} INFO - Processing file /opt/airflow/dags/realtime_pipeline.py for tasks to queue
[2025-09-10T04:59:20.668+0000] {logging_mixin.py:154} INFO - [2025-09-10T04:59:20.667+0000] {dagbag.py:536} INFO - Filling up the DagBag from /opt/airflow/dags/realtime_pipeline.py
[2025-09-10T04:59:20.717+0000] {processor.py:839} INFO - DAG(s) dict_keys(['realtime_pipeline']) retrieved from /opt/airflow/dags/realtime_pipeline.py
[2025-09-10T04:59:20.778+0000] {logging_mixin.py:154} INFO - [2025-09-10T04:59:20.778+0000] {dag.py:2941} INFO - Sync 1 DAGs
[2025-09-10T04:59:20.821+0000] {logging_mixin.py:154} INFO - [2025-09-10T04:59:20.820+0000] {dag.py:3722} INFO - Setting next_dagrun for realtime_pipeline to 2025-09-09T00:00:00+00:00, run_after=2025-09-10T00:00:00+00:00
[2025-09-10T04:59:20.882+0000] {processor.py:179} INFO - Processing /opt/airflow/dags/realtime_pipeline.py took 0.227 seconds
[2025-09-10T04:59:51.023+0000] {processor.py:157} INFO - Started process (PID=327) to work on /opt/airflow/dags/realtime_pipeline.py
[2025-09-10T04:59:51.026+0000] {processor.py:829} INFO - Processing file /opt/airflow/dags/realtime_pipeline.py for tasks to queue
[2025-09-10T04:59:51.028+0000] {logging_mixin.py:154} INFO - [2025-09-10T04:59:51.027+0000] {dagbag.py:536} INFO - Filling up the DagBag from /opt/airflow/dags/realtime_pipeline.py
[2025-09-10T04:59:51.076+0000] {processor.py:839} INFO - DAG(s) dict_keys(['realtime_pipeline']) retrieved from /opt/airflow/dags/realtime_pipeline.py
[2025-09-10T04:59:51.132+0000] {logging_mixin.py:154} INFO - [2025-09-10T04:59:51.132+0000] {dag.py:2941} INFO - Sync 1 DAGs
[2025-09-10T04:59:51.169+0000] {logging_mixin.py:154} INFO - [2025-09-10T04:59:51.168+0000] {dag.py:3722} INFO - Setting next_dagrun for realtime_pipeline to 2025-09-09T00:00:00+00:00, run_after=2025-09-10T00:00:00+00:00
[2025-09-10T04:59:51.203+0000] {processor.py:179} INFO - Processing /opt/airflow/dags/realtime_pipeline.py took 0.188 seconds
[2025-09-10T05:00:22.389+0000] {processor.py:157} INFO - Started process (PID=332) to work on /opt/airflow/dags/realtime_pipeline.py
[2025-09-10T05:00:22.390+0000] {processor.py:829} INFO - Processing file /opt/airflow/dags/realtime_pipeline.py for tasks to queue
[2025-09-10T05:00:22.391+0000] {logging_mixin.py:154} INFO - [2025-09-10T05:00:22.391+0000] {dagbag.py:536} INFO - Filling up the DagBag from /opt/airflow/dags/realtime_pipeline.py
[2025-09-10T05:00:22.422+0000] {processor.py:839} INFO - DAG(s) dict_keys(['realtime_pipeline']) retrieved from /opt/airflow/dags/realtime_pipeline.py
[2025-09-10T05:00:22.468+0000] {logging_mixin.py:154} INFO - [2025-09-10T05:00:22.468+0000] {dag.py:2941} INFO - Sync 1 DAGs
[2025-09-10T05:00:22.508+0000] {logging_mixin.py:154} INFO - [2025-09-10T05:00:22.508+0000] {dag.py:3722} INFO - Setting next_dagrun for realtime_pipeline to 2025-09-09T00:00:00+00:00, run_after=2025-09-10T00:00:00+00:00
[2025-09-10T05:00:22.546+0000] {processor.py:179} INFO - Processing /opt/airflow/dags/realtime_pipeline.py took 0.162 seconds
[2025-09-10T05:00:54.660+0000] {processor.py:157} INFO - Started process (PID=337) to work on /opt/airflow/dags/realtime_pipeline.py
[2025-09-10T05:00:54.662+0000] {processor.py:829} INFO - Processing file /opt/airflow/dags/realtime_pipeline.py for tasks to queue
[2025-09-10T05:00:54.663+0000] {logging_mixin.py:154} INFO - [2025-09-10T05:00:54.663+0000] {dagbag.py:536} INFO - Filling up the DagBag from /opt/airflow/dags/realtime_pipeline.py
[2025-09-10T05:00:54.702+0000] {processor.py:839} INFO - DAG(s) dict_keys(['realtime_pipeline']) retrieved from /opt/airflow/dags/realtime_pipeline.py
[2025-09-10T05:00:54.756+0000] {logging_mixin.py:154} INFO - [2025-09-10T05:00:54.756+0000] {dag.py:2941} INFO - Sync 1 DAGs
[2025-09-10T05:00:54.791+0000] {logging_mixin.py:154} INFO - [2025-09-10T05:00:54.791+0000] {dag.py:3722} INFO - Setting next_dagrun for realtime_pipeline to 2025-09-09T00:00:00+00:00, run_after=2025-09-10T00:00:00+00:00
[2025-09-10T05:00:54.844+0000] {processor.py:179} INFO - Processing /opt/airflow/dags/realtime_pipeline.py took 0.189 seconds
[2025-09-10T05:01:26.050+0000] {processor.py:157} INFO - Started process (PID=342) to work on /opt/airflow/dags/realtime_pipeline.py
[2025-09-10T05:01:26.052+0000] {processor.py:829} INFO - Processing file /opt/airflow/dags/realtime_pipeline.py for tasks to queue
[2025-09-10T05:01:26.053+0000] {logging_mixin.py:154} INFO - [2025-09-10T05:01:26.053+0000] {dagbag.py:536} INFO - Filling up the DagBag from /opt/airflow/dags/realtime_pipeline.py
[2025-09-10T05:01:26.085+0000] {processor.py:839} INFO - DAG(s) dict_keys(['realtime_pipeline']) retrieved from /opt/airflow/dags/realtime_pipeline.py
[2025-09-10T05:01:26.124+0000] {logging_mixin.py:154} INFO - [2025-09-10T05:01:26.124+0000] {dag.py:2941} INFO - Sync 1 DAGs
[2025-09-10T05:01:26.155+0000] {logging_mixin.py:154} INFO - [2025-09-10T05:01:26.154+0000] {dag.py:3722} INFO - Setting next_dagrun for realtime_pipeline to 2025-09-09T00:00:00+00:00, run_after=2025-09-10T00:00:00+00:00
[2025-09-10T05:01:26.182+0000] {processor.py:179} INFO - Processing /opt/airflow/dags/realtime_pipeline.py took 0.136 seconds
[2025-09-10T05:01:58.265+0000] {processor.py:157} INFO - Started process (PID=347) to work on /opt/airflow/dags/realtime_pipeline.py
[2025-09-10T05:01:58.267+0000] {processor.py:829} INFO - Processing file /opt/airflow/dags/realtime_pipeline.py for tasks to queue
[2025-09-10T05:01:58.268+0000] {logging_mixin.py:154} INFO - [2025-09-10T05:01:58.268+0000] {dagbag.py:536} INFO - Filling up the DagBag from /opt/airflow/dags/realtime_pipeline.py
[2025-09-10T05:01:58.307+0000] {processor.py:839} INFO - DAG(s) dict_keys(['realtime_pipeline']) retrieved from /opt/airflow/dags/realtime_pipeline.py
[2025-09-10T05:01:58.354+0000] {logging_mixin.py:154} INFO - [2025-09-10T05:01:58.354+0000] {dag.py:2941} INFO - Sync 1 DAGs
[2025-09-10T05:01:58.387+0000] {logging_mixin.py:154} INFO - [2025-09-10T05:01:58.387+0000] {dag.py:3722} INFO - Setting next_dagrun for realtime_pipeline to 2025-09-09T00:00:00+00:00, run_after=2025-09-10T00:00:00+00:00
[2025-09-10T05:01:58.419+0000] {processor.py:179} INFO - Processing /opt/airflow/dags/realtime_pipeline.py took 0.159 seconds
[2025-09-10T05:02:29.332+0000] {processor.py:157} INFO - Started process (PID=352) to work on /opt/airflow/dags/realtime_pipeline.py
[2025-09-10T05:02:29.334+0000] {processor.py:829} INFO - Processing file /opt/airflow/dags/realtime_pipeline.py for tasks to queue
[2025-09-10T05:02:29.335+0000] {logging_mixin.py:154} INFO - [2025-09-10T05:02:29.335+0000] {dagbag.py:536} INFO - Filling up the DagBag from /opt/airflow/dags/realtime_pipeline.py
[2025-09-10T05:02:29.366+0000] {processor.py:839} INFO - DAG(s) dict_keys(['realtime_pipeline']) retrieved from /opt/airflow/dags/realtime_pipeline.py
[2025-09-10T05:02:29.409+0000] {logging_mixin.py:154} INFO - [2025-09-10T05:02:29.408+0000] {dag.py:2941} INFO - Sync 1 DAGs
[2025-09-10T05:02:29.442+0000] {logging_mixin.py:154} INFO - [2025-09-10T05:02:29.441+0000] {dag.py:3722} INFO - Setting next_dagrun for realtime_pipeline to 2025-09-09T00:00:00+00:00, run_after=2025-09-10T00:00:00+00:00
[2025-09-10T05:02:29.476+0000] {processor.py:179} INFO - Processing /opt/airflow/dags/realtime_pipeline.py took 0.147 seconds
[2025-09-10T05:02:59.775+0000] {processor.py:157} INFO - Started process (PID=357) to work on /opt/airflow/dags/realtime_pipeline.py
[2025-09-10T05:02:59.777+0000] {processor.py:829} INFO - Processing file /opt/airflow/dags/realtime_pipeline.py for tasks to queue
[2025-09-10T05:02:59.779+0000] {logging_mixin.py:154} INFO - [2025-09-10T05:02:59.778+0000] {dagbag.py:536} INFO - Filling up the DagBag from /opt/airflow/dags/realtime_pipeline.py
[2025-09-10T05:02:59.841+0000] {processor.py:839} INFO - DAG(s) dict_keys(['realtime_pipeline']) retrieved from /opt/airflow/dags/realtime_pipeline.py
[2025-09-10T05:02:59.886+0000] {logging_mixin.py:154} INFO - [2025-09-10T05:02:59.886+0000] {dag.py:2941} INFO - Sync 1 DAGs
[2025-09-10T05:02:59.917+0000] {logging_mixin.py:154} INFO - [2025-09-10T05:02:59.917+0000] {dag.py:3722} INFO - Setting next_dagrun for realtime_pipeline to 2025-09-09T00:00:00+00:00, run_after=2025-09-10T00:00:00+00:00
[2025-09-10T05:02:59.953+0000] {processor.py:179} INFO - Processing /opt/airflow/dags/realtime_pipeline.py took 0.183 seconds
[2025-09-10T05:03:30.049+0000] {processor.py:157} INFO - Started process (PID=362) to work on /opt/airflow/dags/realtime_pipeline.py
[2025-09-10T05:03:30.051+0000] {processor.py:829} INFO - Processing file /opt/airflow/dags/realtime_pipeline.py for tasks to queue
[2025-09-10T05:03:30.052+0000] {logging_mixin.py:154} INFO - [2025-09-10T05:03:30.052+0000] {dagbag.py:536} INFO - Filling up the DagBag from /opt/airflow/dags/realtime_pipeline.py
[2025-09-10T05:03:30.093+0000] {processor.py:839} INFO - DAG(s) dict_keys(['realtime_pipeline']) retrieved from /opt/airflow/dags/realtime_pipeline.py
[2025-09-10T05:03:30.154+0000] {logging_mixin.py:154} INFO - [2025-09-10T05:03:30.154+0000] {dag.py:2941} INFO - Sync 1 DAGs
[2025-09-10T05:03:30.211+0000] {logging_mixin.py:154} INFO - [2025-09-10T05:03:30.210+0000] {dag.py:3722} INFO - Setting next_dagrun for realtime_pipeline to 2025-09-09T00:00:00+00:00, run_after=2025-09-10T00:00:00+00:00
[2025-09-10T05:03:30.256+0000] {processor.py:179} INFO - Processing /opt/airflow/dags/realtime_pipeline.py took 0.211 seconds
[2025-09-10T05:04:00.359+0000] {processor.py:157} INFO - Started process (PID=367) to work on /opt/airflow/dags/realtime_pipeline.py
[2025-09-10T05:04:00.361+0000] {processor.py:829} INFO - Processing file /opt/airflow/dags/realtime_pipeline.py for tasks to queue
[2025-09-10T05:04:00.364+0000] {logging_mixin.py:154} INFO - [2025-09-10T05:04:00.363+0000] {dagbag.py:536} INFO - Filling up the DagBag from /opt/airflow/dags/realtime_pipeline.py
[2025-09-10T05:04:00.425+0000] {processor.py:839} INFO - DAG(s) dict_keys(['realtime_pipeline']) retrieved from /opt/airflow/dags/realtime_pipeline.py
[2025-09-10T05:04:00.489+0000] {logging_mixin.py:154} INFO - [2025-09-10T05:04:00.488+0000] {dag.py:2941} INFO - Sync 1 DAGs
[2025-09-10T05:04:00.529+0000] {logging_mixin.py:154} INFO - [2025-09-10T05:04:00.528+0000] {dag.py:3722} INFO - Setting next_dagrun for realtime_pipeline to 2025-09-09T00:00:00+00:00, run_after=2025-09-10T00:00:00+00:00
[2025-09-10T05:04:00.570+0000] {processor.py:179} INFO - Processing /opt/airflow/dags/realtime_pipeline.py took 0.217 seconds
[2025-09-10T05:04:30.808+0000] {processor.py:157} INFO - Started process (PID=372) to work on /opt/airflow/dags/realtime_pipeline.py
[2025-09-10T05:04:30.809+0000] {processor.py:829} INFO - Processing file /opt/airflow/dags/realtime_pipeline.py for tasks to queue
[2025-09-10T05:04:30.811+0000] {logging_mixin.py:154} INFO - [2025-09-10T05:04:30.810+0000] {dagbag.py:536} INFO - Filling up the DagBag from /opt/airflow/dags/realtime_pipeline.py
[2025-09-10T05:04:30.843+0000] {processor.py:839} INFO - DAG(s) dict_keys(['realtime_pipeline']) retrieved from /opt/airflow/dags/realtime_pipeline.py
[2025-09-10T05:04:30.900+0000] {logging_mixin.py:154} INFO - [2025-09-10T05:04:30.900+0000] {dag.py:2941} INFO - Sync 1 DAGs
[2025-09-10T05:04:30.933+0000] {logging_mixin.py:154} INFO - [2025-09-10T05:04:30.932+0000] {dag.py:3722} INFO - Setting next_dagrun for realtime_pipeline to 2025-09-09T00:00:00+00:00, run_after=2025-09-10T00:00:00+00:00
[2025-09-10T05:04:30.960+0000] {processor.py:179} INFO - Processing /opt/airflow/dags/realtime_pipeline.py took 0.156 seconds
[2025-09-10T05:05:01.240+0000] {processor.py:157} INFO - Started process (PID=377) to work on /opt/airflow/dags/realtime_pipeline.py
[2025-09-10T05:05:01.242+0000] {processor.py:829} INFO - Processing file /opt/airflow/dags/realtime_pipeline.py for tasks to queue
[2025-09-10T05:05:01.244+0000] {logging_mixin.py:154} INFO - [2025-09-10T05:05:01.244+0000] {dagbag.py:536} INFO - Filling up the DagBag from /opt/airflow/dags/realtime_pipeline.py
[2025-09-10T05:05:01.358+0000] {processor.py:839} INFO - DAG(s) dict_keys(['realtime_pipeline']) retrieved from /opt/airflow/dags/realtime_pipeline.py
[2025-09-10T05:05:01.658+0000] {logging_mixin.py:154} INFO - [2025-09-10T05:05:01.658+0000] {dag.py:2941} INFO - Sync 1 DAGs
[2025-09-10T05:05:01.727+0000] {logging_mixin.py:154} INFO - [2025-09-10T05:05:01.726+0000] {dag.py:3722} INFO - Setting next_dagrun for realtime_pipeline to 2025-09-09T00:00:00+00:00, run_after=2025-09-10T00:00:00+00:00
[2025-09-10T05:05:01.799+0000] {processor.py:179} INFO - Processing /opt/airflow/dags/realtime_pipeline.py took 0.584 seconds
[2025-09-10T05:05:32.117+0000] {processor.py:157} INFO - Started process (PID=382) to work on /opt/airflow/dags/realtime_pipeline.py
[2025-09-10T05:05:32.119+0000] {processor.py:829} INFO - Processing file /opt/airflow/dags/realtime_pipeline.py for tasks to queue
[2025-09-10T05:05:32.121+0000] {logging_mixin.py:154} INFO - [2025-09-10T05:05:32.121+0000] {dagbag.py:536} INFO - Filling up the DagBag from /opt/airflow/dags/realtime_pipeline.py
[2025-09-10T05:05:32.180+0000] {processor.py:839} INFO - DAG(s) dict_keys(['realtime_pipeline']) retrieved from /opt/airflow/dags/realtime_pipeline.py
[2025-09-10T05:05:32.259+0000] {logging_mixin.py:154} INFO - [2025-09-10T05:05:32.259+0000] {dag.py:2941} INFO - Sync 1 DAGs
[2025-09-10T05:05:32.287+0000] {logging_mixin.py:154} INFO - [2025-09-10T05:05:32.286+0000] {dag.py:3722} INFO - Setting next_dagrun for realtime_pipeline to 2025-09-09T00:00:00+00:00, run_after=2025-09-10T00:00:00+00:00
[2025-09-10T05:05:32.318+0000] {processor.py:179} INFO - Processing /opt/airflow/dags/realtime_pipeline.py took 0.206 seconds
[2025-09-10T05:06:03.118+0000] {processor.py:157} INFO - Started process (PID=387) to work on /opt/airflow/dags/realtime_pipeline.py
[2025-09-10T05:06:03.120+0000] {processor.py:829} INFO - Processing file /opt/airflow/dags/realtime_pipeline.py for tasks to queue
[2025-09-10T05:06:03.121+0000] {logging_mixin.py:154} INFO - [2025-09-10T05:06:03.121+0000] {dagbag.py:536} INFO - Filling up the DagBag from /opt/airflow/dags/realtime_pipeline.py
[2025-09-10T05:06:03.193+0000] {processor.py:839} INFO - DAG(s) dict_keys(['realtime_pipeline']) retrieved from /opt/airflow/dags/realtime_pipeline.py
[2025-09-10T05:06:03.295+0000] {logging_mixin.py:154} INFO - [2025-09-10T05:06:03.294+0000] {dag.py:2941} INFO - Sync 1 DAGs
[2025-09-10T05:06:03.345+0000] {logging_mixin.py:154} INFO - [2025-09-10T05:06:03.345+0000] {dag.py:3722} INFO - Setting next_dagrun for realtime_pipeline to 2025-09-09T00:00:00+00:00, run_after=2025-09-10T00:00:00+00:00
[2025-09-10T05:06:03.375+0000] {processor.py:179} INFO - Processing /opt/airflow/dags/realtime_pipeline.py took 0.262 seconds
[2025-09-10T05:06:33.919+0000] {processor.py:157} INFO - Started process (PID=392) to work on /opt/airflow/dags/realtime_pipeline.py
[2025-09-10T05:06:33.921+0000] {processor.py:829} INFO - Processing file /opt/airflow/dags/realtime_pipeline.py for tasks to queue
[2025-09-10T05:06:33.922+0000] {logging_mixin.py:154} INFO - [2025-09-10T05:06:33.922+0000] {dagbag.py:536} INFO - Filling up the DagBag from /opt/airflow/dags/realtime_pipeline.py
[2025-09-10T05:06:33.961+0000] {processor.py:839} INFO - DAG(s) dict_keys(['realtime_pipeline']) retrieved from /opt/airflow/dags/realtime_pipeline.py
[2025-09-10T05:06:34.011+0000] {logging_mixin.py:154} INFO - [2025-09-10T05:06:34.011+0000] {dag.py:2941} INFO - Sync 1 DAGs
[2025-09-10T05:06:34.050+0000] {logging_mixin.py:154} INFO - [2025-09-10T05:06:34.050+0000] {dag.py:3722} INFO - Setting next_dagrun for realtime_pipeline to 2025-09-09T00:00:00+00:00, run_after=2025-09-10T00:00:00+00:00
[2025-09-10T05:06:34.078+0000] {processor.py:179} INFO - Processing /opt/airflow/dags/realtime_pipeline.py took 0.164 seconds
[2025-09-10T05:07:04.910+0000] {processor.py:157} INFO - Started process (PID=397) to work on /opt/airflow/dags/realtime_pipeline.py
[2025-09-10T05:07:04.913+0000] {processor.py:829} INFO - Processing file /opt/airflow/dags/realtime_pipeline.py for tasks to queue
[2025-09-10T05:07:04.915+0000] {logging_mixin.py:154} INFO - [2025-09-10T05:07:04.915+0000] {dagbag.py:536} INFO - Filling up the DagBag from /opt/airflow/dags/realtime_pipeline.py
[2025-09-10T05:07:04.967+0000] {processor.py:839} INFO - DAG(s) dict_keys(['realtime_pipeline']) retrieved from /opt/airflow/dags/realtime_pipeline.py
[2025-09-10T05:07:05.026+0000] {logging_mixin.py:154} INFO - [2025-09-10T05:07:05.026+0000] {dag.py:2941} INFO - Sync 1 DAGs
[2025-09-10T05:07:05.065+0000] {logging_mixin.py:154} INFO - [2025-09-10T05:07:05.065+0000] {dag.py:3722} INFO - Setting next_dagrun for realtime_pipeline to 2025-09-09T00:00:00+00:00, run_after=2025-09-10T00:00:00+00:00
[2025-09-10T05:07:05.116+0000] {processor.py:179} INFO - Processing /opt/airflow/dags/realtime_pipeline.py took 0.215 seconds
[2025-09-10T05:43:41.631+0000] {processor.py:157} INFO - Started process (PID=402) to work on /opt/airflow/dags/realtime_pipeline.py
[2025-09-10T05:43:41.652+0000] {processor.py:829} INFO - Processing file /opt/airflow/dags/realtime_pipeline.py for tasks to queue
[2025-09-10T05:43:41.692+0000] {logging_mixin.py:154} INFO - [2025-09-10T05:43:41.690+0000] {dagbag.py:536} INFO - Filling up the DagBag from /opt/airflow/dags/realtime_pipeline.py
[2025-09-10T05:43:42.404+0000] {processor.py:839} INFO - DAG(s) dict_keys(['realtime_pipeline']) retrieved from /opt/airflow/dags/realtime_pipeline.py
[2025-09-10T05:43:42.642+0000] {logging_mixin.py:154} INFO - [2025-09-10T05:43:42.642+0000] {dag.py:2941} INFO - Sync 1 DAGs
[2025-09-10T05:43:42.730+0000] {logging_mixin.py:154} INFO - [2025-09-10T05:43:42.729+0000] {dag.py:3722} INFO - Setting next_dagrun for realtime_pipeline to 2025-09-09T00:00:00+00:00, run_after=2025-09-10T00:00:00+00:00
[2025-09-10T05:43:42.790+0000] {processor.py:179} INFO - Processing /opt/airflow/dags/realtime_pipeline.py took 1.477 seconds
[2025-09-10T05:44:12.957+0000] {processor.py:157} INFO - Started process (PID=409) to work on /opt/airflow/dags/realtime_pipeline.py
[2025-09-10T05:44:12.958+0000] {processor.py:829} INFO - Processing file /opt/airflow/dags/realtime_pipeline.py for tasks to queue
[2025-09-10T05:44:12.960+0000] {logging_mixin.py:154} INFO - [2025-09-10T05:44:12.960+0000] {dagbag.py:536} INFO - Filling up the DagBag from /opt/airflow/dags/realtime_pipeline.py
[2025-09-10T05:44:13.082+0000] {processor.py:839} INFO - DAG(s) dict_keys(['realtime_pipeline']) retrieved from /opt/airflow/dags/realtime_pipeline.py
[2025-09-10T05:44:13.159+0000] {logging_mixin.py:154} INFO - [2025-09-10T05:44:13.158+0000] {dag.py:2941} INFO - Sync 1 DAGs
[2025-09-10T05:44:13.187+0000] {logging_mixin.py:154} INFO - [2025-09-10T05:44:13.186+0000] {dag.py:3722} INFO - Setting next_dagrun for realtime_pipeline to 2025-09-09T00:00:00+00:00, run_after=2025-09-10T00:00:00+00:00
[2025-09-10T05:44:13.211+0000] {processor.py:179} INFO - Processing /opt/airflow/dags/realtime_pipeline.py took 0.264 seconds
[2025-09-10T05:44:43.480+0000] {processor.py:157} INFO - Started process (PID=414) to work on /opt/airflow/dags/realtime_pipeline.py
[2025-09-10T05:44:43.486+0000] {processor.py:829} INFO - Processing file /opt/airflow/dags/realtime_pipeline.py for tasks to queue
[2025-09-10T05:44:43.489+0000] {logging_mixin.py:154} INFO - [2025-09-10T05:44:43.488+0000] {dagbag.py:536} INFO - Filling up the DagBag from /opt/airflow/dags/realtime_pipeline.py
[2025-09-10T05:44:43.544+0000] {processor.py:839} INFO - DAG(s) dict_keys(['realtime_pipeline']) retrieved from /opt/airflow/dags/realtime_pipeline.py
[2025-09-10T05:44:43.606+0000] {logging_mixin.py:154} INFO - [2025-09-10T05:44:43.606+0000] {dag.py:2941} INFO - Sync 1 DAGs
[2025-09-10T05:44:43.638+0000] {logging_mixin.py:154} INFO - [2025-09-10T05:44:43.638+0000] {dag.py:3722} INFO - Setting next_dagrun for realtime_pipeline to 2025-09-09T00:00:00+00:00, run_after=2025-09-10T00:00:00+00:00
[2025-09-10T05:44:43.664+0000] {processor.py:179} INFO - Processing /opt/airflow/dags/realtime_pipeline.py took 0.202 seconds
[2025-09-10T05:45:13.827+0000] {processor.py:157} INFO - Started process (PID=419) to work on /opt/airflow/dags/realtime_pipeline.py
[2025-09-10T05:45:13.832+0000] {processor.py:829} INFO - Processing file /opt/airflow/dags/realtime_pipeline.py for tasks to queue
[2025-09-10T05:45:13.833+0000] {logging_mixin.py:154} INFO - [2025-09-10T05:45:13.833+0000] {dagbag.py:536} INFO - Filling up the DagBag from /opt/airflow/dags/realtime_pipeline.py
[2025-09-10T05:45:13.870+0000] {processor.py:839} INFO - DAG(s) dict_keys(['realtime_pipeline']) retrieved from /opt/airflow/dags/realtime_pipeline.py
[2025-09-10T05:45:13.920+0000] {logging_mixin.py:154} INFO - [2025-09-10T05:45:13.920+0000] {dag.py:2941} INFO - Sync 1 DAGs
[2025-09-10T05:45:13.946+0000] {logging_mixin.py:154} INFO - [2025-09-10T05:45:13.946+0000] {dag.py:3722} INFO - Setting next_dagrun for realtime_pipeline to 2025-09-09T00:00:00+00:00, run_after=2025-09-10T00:00:00+00:00
[2025-09-10T05:45:13.972+0000] {processor.py:179} INFO - Processing /opt/airflow/dags/realtime_pipeline.py took 0.168 seconds
[2025-09-10T05:46:02.130+0000] {processor.py:157} INFO - Started process (PID=424) to work on /opt/airflow/dags/realtime_pipeline.py
[2025-09-10T05:46:02.160+0000] {processor.py:829} INFO - Processing file /opt/airflow/dags/realtime_pipeline.py for tasks to queue
[2025-09-10T05:46:02.172+0000] {logging_mixin.py:154} INFO - [2025-09-10T05:46:02.171+0000] {dagbag.py:536} INFO - Filling up the DagBag from /opt/airflow/dags/realtime_pipeline.py
[2025-09-10T05:46:02.370+0000] {processor.py:839} INFO - DAG(s) dict_keys(['realtime_pipeline']) retrieved from /opt/airflow/dags/realtime_pipeline.py
[2025-09-10T05:46:03.136+0000] {logging_mixin.py:154} INFO - [2025-09-10T05:46:03.135+0000] {dag.py:2941} INFO - Sync 1 DAGs
[2025-09-10T05:46:03.234+0000] {logging_mixin.py:154} INFO - [2025-09-10T05:46:03.234+0000] {dag.py:3722} INFO - Setting next_dagrun for realtime_pipeline to 2025-09-09T00:00:00+00:00, run_after=2025-09-10T00:00:00+00:00
[2025-09-10T05:46:03.321+0000] {processor.py:179} INFO - Processing /opt/airflow/dags/realtime_pipeline.py took 1.238 seconds
[2025-09-10T05:46:33.454+0000] {processor.py:157} INFO - Started process (PID=431) to work on /opt/airflow/dags/realtime_pipeline.py
[2025-09-10T05:46:33.457+0000] {processor.py:829} INFO - Processing file /opt/airflow/dags/realtime_pipeline.py for tasks to queue
[2025-09-10T05:46:33.465+0000] {logging_mixin.py:154} INFO - [2025-09-10T05:46:33.463+0000] {dagbag.py:536} INFO - Filling up the DagBag from /opt/airflow/dags/realtime_pipeline.py
[2025-09-10T05:46:33.551+0000] {processor.py:839} INFO - DAG(s) dict_keys(['realtime_pipeline']) retrieved from /opt/airflow/dags/realtime_pipeline.py
[2025-09-10T05:46:33.616+0000] {logging_mixin.py:154} INFO - [2025-09-10T05:46:33.616+0000] {dag.py:2941} INFO - Sync 1 DAGs
[2025-09-10T05:46:33.651+0000] {logging_mixin.py:154} INFO - [2025-09-10T05:46:33.651+0000] {dag.py:3722} INFO - Setting next_dagrun for realtime_pipeline to 2025-09-09T00:00:00+00:00, run_after=2025-09-10T00:00:00+00:00
[2025-09-10T05:46:33.682+0000] {processor.py:179} INFO - Processing /opt/airflow/dags/realtime_pipeline.py took 0.237 seconds
[2025-09-10T05:47:03.783+0000] {processor.py:157} INFO - Started process (PID=436) to work on /opt/airflow/dags/realtime_pipeline.py
[2025-09-10T05:47:03.785+0000] {processor.py:829} INFO - Processing file /opt/airflow/dags/realtime_pipeline.py for tasks to queue
[2025-09-10T05:47:03.786+0000] {logging_mixin.py:154} INFO - [2025-09-10T05:47:03.786+0000] {dagbag.py:536} INFO - Filling up the DagBag from /opt/airflow/dags/realtime_pipeline.py
[2025-09-10T05:47:03.849+0000] {processor.py:839} INFO - DAG(s) dict_keys(['realtime_pipeline']) retrieved from /opt/airflow/dags/realtime_pipeline.py
[2025-09-10T05:47:03.920+0000] {logging_mixin.py:154} INFO - [2025-09-10T05:47:03.919+0000] {dag.py:2941} INFO - Sync 1 DAGs
[2025-09-10T05:47:03.989+0000] {logging_mixin.py:154} INFO - [2025-09-10T05:47:03.989+0000] {dag.py:3722} INFO - Setting next_dagrun for realtime_pipeline to 2025-09-09T00:00:00+00:00, run_after=2025-09-10T00:00:00+00:00
[2025-09-10T05:47:04.035+0000] {processor.py:179} INFO - Processing /opt/airflow/dags/realtime_pipeline.py took 0.258 seconds
[2025-09-10T05:47:34.479+0000] {processor.py:157} INFO - Started process (PID=441) to work on /opt/airflow/dags/realtime_pipeline.py
[2025-09-10T05:47:34.485+0000] {processor.py:829} INFO - Processing file /opt/airflow/dags/realtime_pipeline.py for tasks to queue
[2025-09-10T05:47:34.490+0000] {logging_mixin.py:154} INFO - [2025-09-10T05:47:34.489+0000] {dagbag.py:536} INFO - Filling up the DagBag from /opt/airflow/dags/realtime_pipeline.py
[2025-09-10T05:47:34.727+0000] {processor.py:839} INFO - DAG(s) dict_keys(['realtime_pipeline']) retrieved from /opt/airflow/dags/realtime_pipeline.py
[2025-09-10T05:47:34.798+0000] {logging_mixin.py:154} INFO - [2025-09-10T05:47:34.797+0000] {dag.py:2941} INFO - Sync 1 DAGs
[2025-09-10T05:47:34.836+0000] {logging_mixin.py:154} INFO - [2025-09-10T05:47:34.835+0000] {dag.py:3722} INFO - Setting next_dagrun for realtime_pipeline to 2025-09-09T00:00:00+00:00, run_after=2025-09-10T00:00:00+00:00
[2025-09-10T05:47:34.864+0000] {processor.py:179} INFO - Processing /opt/airflow/dags/realtime_pipeline.py took 0.413 seconds
[2025-09-10T05:48:05.109+0000] {processor.py:157} INFO - Started process (PID=446) to work on /opt/airflow/dags/realtime_pipeline.py
[2025-09-10T05:48:05.112+0000] {processor.py:829} INFO - Processing file /opt/airflow/dags/realtime_pipeline.py for tasks to queue
[2025-09-10T05:48:05.116+0000] {logging_mixin.py:154} INFO - [2025-09-10T05:48:05.114+0000] {dagbag.py:536} INFO - Filling up the DagBag from /opt/airflow/dags/realtime_pipeline.py
[2025-09-10T05:48:05.192+0000] {processor.py:839} INFO - DAG(s) dict_keys(['realtime_pipeline']) retrieved from /opt/airflow/dags/realtime_pipeline.py
[2025-09-10T05:48:05.290+0000] {logging_mixin.py:154} INFO - [2025-09-10T05:48:05.290+0000] {dag.py:2941} INFO - Sync 1 DAGs
[2025-09-10T05:48:05.344+0000] {logging_mixin.py:154} INFO - [2025-09-10T05:48:05.343+0000] {dag.py:3722} INFO - Setting next_dagrun for realtime_pipeline to 2025-09-09T00:00:00+00:00, run_after=2025-09-10T00:00:00+00:00
[2025-09-10T05:48:05.384+0000] {processor.py:179} INFO - Processing /opt/airflow/dags/realtime_pipeline.py took 0.295 seconds
[2025-09-10T05:48:35.598+0000] {processor.py:157} INFO - Started process (PID=451) to work on /opt/airflow/dags/realtime_pipeline.py
[2025-09-10T05:48:35.600+0000] {processor.py:829} INFO - Processing file /opt/airflow/dags/realtime_pipeline.py for tasks to queue
[2025-09-10T05:48:35.602+0000] {logging_mixin.py:154} INFO - [2025-09-10T05:48:35.602+0000] {dagbag.py:536} INFO - Filling up the DagBag from /opt/airflow/dags/realtime_pipeline.py
[2025-09-10T05:48:35.643+0000] {processor.py:839} INFO - DAG(s) dict_keys(['realtime_pipeline']) retrieved from /opt/airflow/dags/realtime_pipeline.py
[2025-09-10T05:48:35.686+0000] {logging_mixin.py:154} INFO - [2025-09-10T05:48:35.685+0000] {dag.py:2941} INFO - Sync 1 DAGs
[2025-09-10T05:48:35.841+0000] {logging_mixin.py:154} INFO - [2025-09-10T05:48:35.840+0000] {dag.py:3722} INFO - Setting next_dagrun for realtime_pipeline to 2025-09-09T00:00:00+00:00, run_after=2025-09-10T00:00:00+00:00
[2025-09-10T05:48:35.986+0000] {processor.py:179} INFO - Processing /opt/airflow/dags/realtime_pipeline.py took 0.394 seconds
[2025-09-10T05:49:06.845+0000] {processor.py:157} INFO - Started process (PID=456) to work on /opt/airflow/dags/realtime_pipeline.py
[2025-09-10T05:49:06.846+0000] {processor.py:829} INFO - Processing file /opt/airflow/dags/realtime_pipeline.py for tasks to queue
[2025-09-10T05:49:06.848+0000] {logging_mixin.py:154} INFO - [2025-09-10T05:49:06.848+0000] {dagbag.py:536} INFO - Filling up the DagBag from /opt/airflow/dags/realtime_pipeline.py
[2025-09-10T05:49:06.896+0000] {processor.py:839} INFO - DAG(s) dict_keys(['realtime_pipeline']) retrieved from /opt/airflow/dags/realtime_pipeline.py
[2025-09-10T05:49:06.941+0000] {logging_mixin.py:154} INFO - [2025-09-10T05:49:06.940+0000] {dag.py:2941} INFO - Sync 1 DAGs
[2025-09-10T05:49:06.971+0000] {logging_mixin.py:154} INFO - [2025-09-10T05:49:06.971+0000] {dag.py:3722} INFO - Setting next_dagrun for realtime_pipeline to 2025-09-09T00:00:00+00:00, run_after=2025-09-10T00:00:00+00:00
[2025-09-10T05:49:06.999+0000] {processor.py:179} INFO - Processing /opt/airflow/dags/realtime_pipeline.py took 0.160 seconds
[2025-09-10T05:49:37.567+0000] {processor.py:157} INFO - Started process (PID=461) to work on /opt/airflow/dags/realtime_pipeline.py
[2025-09-10T05:49:37.569+0000] {processor.py:829} INFO - Processing file /opt/airflow/dags/realtime_pipeline.py for tasks to queue
[2025-09-10T05:49:37.570+0000] {logging_mixin.py:154} INFO - [2025-09-10T05:49:37.570+0000] {dagbag.py:536} INFO - Filling up the DagBag from /opt/airflow/dags/realtime_pipeline.py
[2025-09-10T05:49:37.608+0000] {processor.py:839} INFO - DAG(s) dict_keys(['realtime_pipeline']) retrieved from /opt/airflow/dags/realtime_pipeline.py
[2025-09-10T05:49:37.877+0000] {logging_mixin.py:154} INFO - [2025-09-10T05:49:37.877+0000] {dag.py:2941} INFO - Sync 1 DAGs
[2025-09-10T05:49:38.956+0000] {logging_mixin.py:154} INFO - [2025-09-10T05:49:38.956+0000] {dag.py:3722} INFO - Setting next_dagrun for realtime_pipeline to 2025-09-10T00:00:00+00:00, run_after=2025-09-11T00:00:00+00:00
[2025-09-10T05:49:39.027+0000] {processor.py:179} INFO - Processing /opt/airflow/dags/realtime_pipeline.py took 1.465 seconds
[2025-09-10T05:50:09.856+0000] {processor.py:157} INFO - Started process (PID=491) to work on /opt/airflow/dags/realtime_pipeline.py
[2025-09-10T05:50:09.857+0000] {processor.py:829} INFO - Processing file /opt/airflow/dags/realtime_pipeline.py for tasks to queue
[2025-09-10T05:50:09.859+0000] {logging_mixin.py:154} INFO - [2025-09-10T05:50:09.859+0000] {dagbag.py:536} INFO - Filling up the DagBag from /opt/airflow/dags/realtime_pipeline.py
[2025-09-10T05:50:09.893+0000] {processor.py:839} INFO - DAG(s) dict_keys(['realtime_pipeline']) retrieved from /opt/airflow/dags/realtime_pipeline.py
[2025-09-10T05:50:09.966+0000] {logging_mixin.py:154} INFO - [2025-09-10T05:50:09.966+0000] {dag.py:2941} INFO - Sync 1 DAGs
[2025-09-10T05:50:10.028+0000] {logging_mixin.py:154} INFO - [2025-09-10T05:50:10.027+0000] {dag.py:3722} INFO - Setting next_dagrun for realtime_pipeline to 2025-09-10T00:00:00+00:00, run_after=2025-09-11T00:00:00+00:00
[2025-09-10T05:50:10.057+0000] {processor.py:179} INFO - Processing /opt/airflow/dags/realtime_pipeline.py took 0.207 seconds
[2025-09-10T05:50:40.779+0000] {processor.py:157} INFO - Started process (PID=496) to work on /opt/airflow/dags/realtime_pipeline.py
[2025-09-10T05:50:40.780+0000] {processor.py:829} INFO - Processing file /opt/airflow/dags/realtime_pipeline.py for tasks to queue
[2025-09-10T05:50:40.783+0000] {logging_mixin.py:154} INFO - [2025-09-10T05:50:40.782+0000] {dagbag.py:536} INFO - Filling up the DagBag from /opt/airflow/dags/realtime_pipeline.py
[2025-09-10T05:50:40.835+0000] {processor.py:839} INFO - DAG(s) dict_keys(['realtime_pipeline']) retrieved from /opt/airflow/dags/realtime_pipeline.py
[2025-09-10T05:50:40.876+0000] {logging_mixin.py:154} INFO - [2025-09-10T05:50:40.875+0000] {dag.py:2941} INFO - Sync 1 DAGs
[2025-09-10T05:50:40.906+0000] {logging_mixin.py:154} INFO - [2025-09-10T05:50:40.906+0000] {dag.py:3722} INFO - Setting next_dagrun for realtime_pipeline to 2025-09-10T00:00:00+00:00, run_after=2025-09-11T00:00:00+00:00
[2025-09-10T05:50:40.934+0000] {processor.py:179} INFO - Processing /opt/airflow/dags/realtime_pipeline.py took 0.163 seconds
[2025-09-10T05:51:11.078+0000] {processor.py:157} INFO - Started process (PID=501) to work on /opt/airflow/dags/realtime_pipeline.py
[2025-09-10T05:51:11.080+0000] {processor.py:829} INFO - Processing file /opt/airflow/dags/realtime_pipeline.py for tasks to queue
[2025-09-10T05:51:11.082+0000] {logging_mixin.py:154} INFO - [2025-09-10T05:51:11.082+0000] {dagbag.py:536} INFO - Filling up the DagBag from /opt/airflow/dags/realtime_pipeline.py
[2025-09-10T05:51:11.127+0000] {processor.py:839} INFO - DAG(s) dict_keys(['realtime_pipeline']) retrieved from /opt/airflow/dags/realtime_pipeline.py
[2025-09-10T05:51:11.177+0000] {logging_mixin.py:154} INFO - [2025-09-10T05:51:11.177+0000] {dag.py:2941} INFO - Sync 1 DAGs
[2025-09-10T05:51:11.216+0000] {logging_mixin.py:154} INFO - [2025-09-10T05:51:11.216+0000] {dag.py:3722} INFO - Setting next_dagrun for realtime_pipeline to 2025-09-10T00:00:00+00:00, run_after=2025-09-11T00:00:00+00:00
[2025-09-10T05:51:11.247+0000] {processor.py:179} INFO - Processing /opt/airflow/dags/realtime_pipeline.py took 0.178 seconds
[2025-09-10T05:51:41.670+0000] {processor.py:157} INFO - Started process (PID=506) to work on /opt/airflow/dags/realtime_pipeline.py
[2025-09-10T05:51:41.672+0000] {processor.py:829} INFO - Processing file /opt/airflow/dags/realtime_pipeline.py for tasks to queue
[2025-09-10T05:51:41.673+0000] {logging_mixin.py:154} INFO - [2025-09-10T05:51:41.673+0000] {dagbag.py:536} INFO - Filling up the DagBag from /opt/airflow/dags/realtime_pipeline.py
[2025-09-10T05:51:41.706+0000] {processor.py:839} INFO - DAG(s) dict_keys(['realtime_pipeline']) retrieved from /opt/airflow/dags/realtime_pipeline.py
[2025-09-10T05:51:41.745+0000] {logging_mixin.py:154} INFO - [2025-09-10T05:51:41.745+0000] {dag.py:2941} INFO - Sync 1 DAGs
[2025-09-10T05:51:41.774+0000] {logging_mixin.py:154} INFO - [2025-09-10T05:51:41.773+0000] {dag.py:3722} INFO - Setting next_dagrun for realtime_pipeline to 2025-09-10T00:00:00+00:00, run_after=2025-09-11T00:00:00+00:00
[2025-09-10T05:51:41.802+0000] {processor.py:179} INFO - Processing /opt/airflow/dags/realtime_pipeline.py took 0.137 seconds
[2025-09-10T05:52:12.574+0000] {processor.py:157} INFO - Started process (PID=511) to work on /opt/airflow/dags/realtime_pipeline.py
[2025-09-10T05:52:12.576+0000] {processor.py:829} INFO - Processing file /opt/airflow/dags/realtime_pipeline.py for tasks to queue
[2025-09-10T05:52:12.577+0000] {logging_mixin.py:154} INFO - [2025-09-10T05:52:12.577+0000] {dagbag.py:536} INFO - Filling up the DagBag from /opt/airflow/dags/realtime_pipeline.py
[2025-09-10T05:52:12.614+0000] {processor.py:839} INFO - DAG(s) dict_keys(['realtime_pipeline']) retrieved from /opt/airflow/dags/realtime_pipeline.py
[2025-09-10T05:52:12.660+0000] {logging_mixin.py:154} INFO - [2025-09-10T05:52:12.660+0000] {dag.py:2941} INFO - Sync 1 DAGs
[2025-09-10T05:52:12.692+0000] {logging_mixin.py:154} INFO - [2025-09-10T05:52:12.692+0000] {dag.py:3722} INFO - Setting next_dagrun for realtime_pipeline to 2025-09-10T00:00:00+00:00, run_after=2025-09-11T00:00:00+00:00
[2025-09-10T05:52:12.722+0000] {processor.py:179} INFO - Processing /opt/airflow/dags/realtime_pipeline.py took 0.155 seconds
[2025-09-10T05:52:43.476+0000] {processor.py:157} INFO - Started process (PID=516) to work on /opt/airflow/dags/realtime_pipeline.py
[2025-09-10T05:52:43.478+0000] {processor.py:829} INFO - Processing file /opt/airflow/dags/realtime_pipeline.py for tasks to queue
[2025-09-10T05:52:43.480+0000] {logging_mixin.py:154} INFO - [2025-09-10T05:52:43.480+0000] {dagbag.py:536} INFO - Filling up the DagBag from /opt/airflow/dags/realtime_pipeline.py
[2025-09-10T05:52:43.520+0000] {processor.py:839} INFO - DAG(s) dict_keys(['realtime_pipeline']) retrieved from /opt/airflow/dags/realtime_pipeline.py
[2025-09-10T05:52:43.568+0000] {logging_mixin.py:154} INFO - [2025-09-10T05:52:43.568+0000] {dag.py:2941} INFO - Sync 1 DAGs
[2025-09-10T05:52:43.604+0000] {logging_mixin.py:154} INFO - [2025-09-10T05:52:43.604+0000] {dag.py:3722} INFO - Setting next_dagrun for realtime_pipeline to 2025-09-10T00:00:00+00:00, run_after=2025-09-11T00:00:00+00:00
[2025-09-10T05:52:43.632+0000] {processor.py:179} INFO - Processing /opt/airflow/dags/realtime_pipeline.py took 0.161 seconds
[2025-09-10T05:53:14.311+0000] {processor.py:157} INFO - Started process (PID=521) to work on /opt/airflow/dags/realtime_pipeline.py
[2025-09-10T05:53:14.315+0000] {processor.py:829} INFO - Processing file /opt/airflow/dags/realtime_pipeline.py for tasks to queue
[2025-09-10T05:53:14.317+0000] {logging_mixin.py:154} INFO - [2025-09-10T05:53:14.316+0000] {dagbag.py:536} INFO - Filling up the DagBag from /opt/airflow/dags/realtime_pipeline.py
[2025-09-10T05:53:14.378+0000] {processor.py:839} INFO - DAG(s) dict_keys(['realtime_pipeline']) retrieved from /opt/airflow/dags/realtime_pipeline.py
[2025-09-10T05:53:14.425+0000] {logging_mixin.py:154} INFO - [2025-09-10T05:53:14.425+0000] {dag.py:2941} INFO - Sync 1 DAGs
[2025-09-10T05:53:14.461+0000] {logging_mixin.py:154} INFO - [2025-09-10T05:53:14.460+0000] {dag.py:3722} INFO - Setting next_dagrun for realtime_pipeline to 2025-09-10T00:00:00+00:00, run_after=2025-09-11T00:00:00+00:00
[2025-09-10T05:53:14.489+0000] {processor.py:179} INFO - Processing /opt/airflow/dags/realtime_pipeline.py took 0.187 seconds
[2025-09-10T05:53:45.376+0000] {processor.py:157} INFO - Started process (PID=526) to work on /opt/airflow/dags/realtime_pipeline.py
[2025-09-10T05:53:45.378+0000] {processor.py:829} INFO - Processing file /opt/airflow/dags/realtime_pipeline.py for tasks to queue
[2025-09-10T05:53:45.380+0000] {logging_mixin.py:154} INFO - [2025-09-10T05:53:45.380+0000] {dagbag.py:536} INFO - Filling up the DagBag from /opt/airflow/dags/realtime_pipeline.py
[2025-09-10T05:53:45.419+0000] {processor.py:839} INFO - DAG(s) dict_keys(['realtime_pipeline']) retrieved from /opt/airflow/dags/realtime_pipeline.py
[2025-09-10T05:53:45.466+0000] {logging_mixin.py:154} INFO - [2025-09-10T05:53:45.466+0000] {dag.py:2941} INFO - Sync 1 DAGs
[2025-09-10T05:53:45.502+0000] {logging_mixin.py:154} INFO - [2025-09-10T05:53:45.502+0000] {dag.py:3722} INFO - Setting next_dagrun for realtime_pipeline to 2025-09-10T00:00:00+00:00, run_after=2025-09-11T00:00:00+00:00
[2025-09-10T05:53:45.543+0000] {processor.py:179} INFO - Processing /opt/airflow/dags/realtime_pipeline.py took 0.172 seconds
[2025-09-10T05:54:16.231+0000] {processor.py:157} INFO - Started process (PID=531) to work on /opt/airflow/dags/realtime_pipeline.py
[2025-09-10T05:54:16.233+0000] {processor.py:829} INFO - Processing file /opt/airflow/dags/realtime_pipeline.py for tasks to queue
[2025-09-10T05:54:16.235+0000] {logging_mixin.py:154} INFO - [2025-09-10T05:54:16.234+0000] {dagbag.py:536} INFO - Filling up the DagBag from /opt/airflow/dags/realtime_pipeline.py
[2025-09-10T05:54:16.276+0000] {processor.py:839} INFO - DAG(s) dict_keys(['realtime_pipeline']) retrieved from /opt/airflow/dags/realtime_pipeline.py
[2025-09-10T05:54:16.329+0000] {logging_mixin.py:154} INFO - [2025-09-10T05:54:16.328+0000] {dag.py:2941} INFO - Sync 1 DAGs
[2025-09-10T05:54:16.363+0000] {logging_mixin.py:154} INFO - [2025-09-10T05:54:16.362+0000] {dag.py:3722} INFO - Setting next_dagrun for realtime_pipeline to 2025-09-10T00:00:00+00:00, run_after=2025-09-11T00:00:00+00:00
[2025-09-10T05:54:16.390+0000] {processor.py:179} INFO - Processing /opt/airflow/dags/realtime_pipeline.py took 0.168 seconds
[2025-09-10T05:54:47.260+0000] {processor.py:157} INFO - Started process (PID=536) to work on /opt/airflow/dags/realtime_pipeline.py
[2025-09-10T05:54:47.262+0000] {processor.py:829} INFO - Processing file /opt/airflow/dags/realtime_pipeline.py for tasks to queue
[2025-09-10T05:54:47.263+0000] {logging_mixin.py:154} INFO - [2025-09-10T05:54:47.263+0000] {dagbag.py:536} INFO - Filling up the DagBag from /opt/airflow/dags/realtime_pipeline.py
[2025-09-10T05:54:47.306+0000] {processor.py:839} INFO - DAG(s) dict_keys(['realtime_pipeline']) retrieved from /opt/airflow/dags/realtime_pipeline.py
[2025-09-10T05:54:47.352+0000] {logging_mixin.py:154} INFO - [2025-09-10T05:54:47.352+0000] {dag.py:2941} INFO - Sync 1 DAGs
[2025-09-10T05:54:47.385+0000] {logging_mixin.py:154} INFO - [2025-09-10T05:54:47.385+0000] {dag.py:3722} INFO - Setting next_dagrun for realtime_pipeline to 2025-09-10T00:00:00+00:00, run_after=2025-09-11T00:00:00+00:00
[2025-09-10T05:54:47.413+0000] {processor.py:179} INFO - Processing /opt/airflow/dags/realtime_pipeline.py took 0.156 seconds
[2025-09-10T05:55:18.107+0000] {processor.py:157} INFO - Started process (PID=541) to work on /opt/airflow/dags/realtime_pipeline.py
[2025-09-10T05:55:18.111+0000] {processor.py:829} INFO - Processing file /opt/airflow/dags/realtime_pipeline.py for tasks to queue
[2025-09-10T05:55:18.113+0000] {logging_mixin.py:154} INFO - [2025-09-10T05:55:18.112+0000] {dagbag.py:536} INFO - Filling up the DagBag from /opt/airflow/dags/realtime_pipeline.py
[2025-09-10T05:55:18.162+0000] {processor.py:839} INFO - DAG(s) dict_keys(['realtime_pipeline']) retrieved from /opt/airflow/dags/realtime_pipeline.py
[2025-09-10T05:55:18.210+0000] {logging_mixin.py:154} INFO - [2025-09-10T05:55:18.209+0000] {dag.py:2941} INFO - Sync 1 DAGs
[2025-09-10T05:55:18.241+0000] {logging_mixin.py:154} INFO - [2025-09-10T05:55:18.241+0000] {dag.py:3722} INFO - Setting next_dagrun for realtime_pipeline to 2025-09-10T00:00:00+00:00, run_after=2025-09-11T00:00:00+00:00
[2025-09-10T05:55:18.273+0000] {processor.py:179} INFO - Processing /opt/airflow/dags/realtime_pipeline.py took 0.174 seconds
[2025-09-10T05:55:49.001+0000] {processor.py:157} INFO - Started process (PID=546) to work on /opt/airflow/dags/realtime_pipeline.py
[2025-09-10T05:55:49.003+0000] {processor.py:829} INFO - Processing file /opt/airflow/dags/realtime_pipeline.py for tasks to queue
[2025-09-10T05:55:49.005+0000] {logging_mixin.py:154} INFO - [2025-09-10T05:55:49.005+0000] {dagbag.py:536} INFO - Filling up the DagBag from /opt/airflow/dags/realtime_pipeline.py
[2025-09-10T05:55:49.043+0000] {processor.py:839} INFO - DAG(s) dict_keys(['realtime_pipeline']) retrieved from /opt/airflow/dags/realtime_pipeline.py
[2025-09-10T05:55:49.080+0000] {logging_mixin.py:154} INFO - [2025-09-10T05:55:49.080+0000] {dag.py:2941} INFO - Sync 1 DAGs
[2025-09-10T05:55:49.112+0000] {logging_mixin.py:154} INFO - [2025-09-10T05:55:49.112+0000] {dag.py:3722} INFO - Setting next_dagrun for realtime_pipeline to 2025-09-10T00:00:00+00:00, run_after=2025-09-11T00:00:00+00:00
[2025-09-10T05:55:49.142+0000] {processor.py:179} INFO - Processing /opt/airflow/dags/realtime_pipeline.py took 0.146 seconds
[2025-09-10T05:56:19.888+0000] {processor.py:157} INFO - Started process (PID=551) to work on /opt/airflow/dags/realtime_pipeline.py
[2025-09-10T05:56:19.890+0000] {processor.py:829} INFO - Processing file /opt/airflow/dags/realtime_pipeline.py for tasks to queue
[2025-09-10T05:56:19.892+0000] {logging_mixin.py:154} INFO - [2025-09-10T05:56:19.891+0000] {dagbag.py:536} INFO - Filling up the DagBag from /opt/airflow/dags/realtime_pipeline.py
[2025-09-10T05:56:19.925+0000] {processor.py:839} INFO - DAG(s) dict_keys(['realtime_pipeline']) retrieved from /opt/airflow/dags/realtime_pipeline.py
[2025-09-10T05:56:19.970+0000] {logging_mixin.py:154} INFO - [2025-09-10T05:56:19.970+0000] {dag.py:2941} INFO - Sync 1 DAGs
[2025-09-10T05:56:20.005+0000] {logging_mixin.py:154} INFO - [2025-09-10T05:56:20.004+0000] {dag.py:3722} INFO - Setting next_dagrun for realtime_pipeline to 2025-09-10T00:00:00+00:00, run_after=2025-09-11T00:00:00+00:00
[2025-09-10T05:56:20.034+0000] {processor.py:179} INFO - Processing /opt/airflow/dags/realtime_pipeline.py took 0.152 seconds
[2025-09-10T05:56:51.932+0000] {processor.py:157} INFO - Started process (PID=556) to work on /opt/airflow/dags/realtime_pipeline.py
[2025-09-10T05:56:51.933+0000] {processor.py:829} INFO - Processing file /opt/airflow/dags/realtime_pipeline.py for tasks to queue
[2025-09-10T05:56:51.935+0000] {logging_mixin.py:154} INFO - [2025-09-10T05:56:51.934+0000] {dagbag.py:536} INFO - Filling up the DagBag from /opt/airflow/dags/realtime_pipeline.py
[2025-09-10T05:56:51.970+0000] {processor.py:839} INFO - DAG(s) dict_keys(['realtime_pipeline']) retrieved from /opt/airflow/dags/realtime_pipeline.py
[2025-09-10T05:56:52.016+0000] {logging_mixin.py:154} INFO - [2025-09-10T05:56:52.016+0000] {dag.py:2941} INFO - Sync 1 DAGs
[2025-09-10T05:56:52.050+0000] {logging_mixin.py:154} INFO - [2025-09-10T05:56:52.050+0000] {dag.py:3722} INFO - Setting next_dagrun for realtime_pipeline to 2025-09-10T00:00:00+00:00, run_after=2025-09-11T00:00:00+00:00
[2025-09-10T05:56:52.081+0000] {processor.py:179} INFO - Processing /opt/airflow/dags/realtime_pipeline.py took 0.154 seconds
[2025-09-10T05:57:00.050+0000] {processor.py:157} INFO - Started process (PID=561) to work on /opt/airflow/dags/realtime_pipeline.py
[2025-09-10T05:57:00.051+0000] {processor.py:829} INFO - Processing file /opt/airflow/dags/realtime_pipeline.py for tasks to queue
[2025-09-10T05:57:00.053+0000] {logging_mixin.py:154} INFO - [2025-09-10T05:57:00.052+0000] {dagbag.py:536} INFO - Filling up the DagBag from /opt/airflow/dags/realtime_pipeline.py
[2025-09-10T05:57:00.113+0000] {processor.py:839} INFO - DAG(s) dict_keys(['realtime_pipeline']) retrieved from /opt/airflow/dags/realtime_pipeline.py
[2025-09-10T05:57:01.191+0000] {logging_mixin.py:154} INFO - [2025-09-10T05:57:01.190+0000] {dag.py:2941} INFO - Sync 1 DAGs
[2025-09-10T05:57:01.331+0000] {logging_mixin.py:154} INFO - [2025-09-10T05:57:01.330+0000] {dag.py:3722} INFO - Setting next_dagrun for realtime_pipeline to 2025-09-10T00:00:00+00:00, run_after=2025-09-11T00:00:00+00:00
[2025-09-10T05:57:01.402+0000] {processor.py:179} INFO - Processing /opt/airflow/dags/realtime_pipeline.py took 1.356 seconds
[2025-09-10T05:57:32.047+0000] {processor.py:157} INFO - Started process (PID=566) to work on /opt/airflow/dags/realtime_pipeline.py
[2025-09-10T05:57:32.050+0000] {processor.py:829} INFO - Processing file /opt/airflow/dags/realtime_pipeline.py for tasks to queue
[2025-09-10T05:57:32.054+0000] {logging_mixin.py:154} INFO - [2025-09-10T05:57:32.053+0000] {dagbag.py:536} INFO - Filling up the DagBag from /opt/airflow/dags/realtime_pipeline.py
[2025-09-10T05:57:32.147+0000] {processor.py:839} INFO - DAG(s) dict_keys(['realtime_pipeline']) retrieved from /opt/airflow/dags/realtime_pipeline.py
[2025-09-10T05:57:32.244+0000] {logging_mixin.py:154} INFO - [2025-09-10T05:57:32.244+0000] {dag.py:2941} INFO - Sync 1 DAGs
[2025-09-10T05:57:32.282+0000] {logging_mixin.py:154} INFO - [2025-09-10T05:57:32.282+0000] {dag.py:3722} INFO - Setting next_dagrun for realtime_pipeline to 2025-09-10T00:00:00+00:00, run_after=2025-09-11T00:00:00+00:00
[2025-09-10T05:57:32.342+0000] {processor.py:179} INFO - Processing /opt/airflow/dags/realtime_pipeline.py took 0.310 seconds
[2025-09-10T05:58:03.131+0000] {processor.py:157} INFO - Started process (PID=571) to work on /opt/airflow/dags/realtime_pipeline.py
[2025-09-10T05:58:03.133+0000] {processor.py:829} INFO - Processing file /opt/airflow/dags/realtime_pipeline.py for tasks to queue
[2025-09-10T05:58:03.134+0000] {logging_mixin.py:154} INFO - [2025-09-10T05:58:03.134+0000] {dagbag.py:536} INFO - Filling up the DagBag from /opt/airflow/dags/realtime_pipeline.py
[2025-09-10T05:58:03.169+0000] {processor.py:839} INFO - DAG(s) dict_keys(['realtime_pipeline']) retrieved from /opt/airflow/dags/realtime_pipeline.py
[2025-09-10T05:58:03.209+0000] {logging_mixin.py:154} INFO - [2025-09-10T05:58:03.208+0000] {dag.py:2941} INFO - Sync 1 DAGs
[2025-09-10T05:58:03.236+0000] {logging_mixin.py:154} INFO - [2025-09-10T05:58:03.236+0000] {dag.py:3722} INFO - Setting next_dagrun for realtime_pipeline to 2025-09-10T00:00:00+00:00, run_after=2025-09-11T00:00:00+00:00
[2025-09-10T05:58:03.263+0000] {processor.py:179} INFO - Processing /opt/airflow/dags/realtime_pipeline.py took 0.135 seconds
[2025-09-10T05:58:33.983+0000] {processor.py:157} INFO - Started process (PID=577) to work on /opt/airflow/dags/realtime_pipeline.py
[2025-09-10T05:58:33.984+0000] {processor.py:829} INFO - Processing file /opt/airflow/dags/realtime_pipeline.py for tasks to queue
[2025-09-10T05:58:33.985+0000] {logging_mixin.py:154} INFO - [2025-09-10T05:58:33.985+0000] {dagbag.py:536} INFO - Filling up the DagBag from /opt/airflow/dags/realtime_pipeline.py
[2025-09-10T05:58:34.084+0000] {processor.py:839} INFO - DAG(s) dict_keys(['realtime_pipeline']) retrieved from /opt/airflow/dags/realtime_pipeline.py
[2025-09-10T05:58:34.389+0000] {logging_mixin.py:154} INFO - [2025-09-10T05:58:34.388+0000] {dag.py:2941} INFO - Sync 1 DAGs
[2025-09-10T05:58:34.492+0000] {logging_mixin.py:154} INFO - [2025-09-10T05:58:34.492+0000] {dag.py:3722} INFO - Setting next_dagrun for realtime_pipeline to 2025-09-10T00:00:00+00:00, run_after=2025-09-11T00:00:00+00:00
[2025-09-10T05:58:34.550+0000] {processor.py:179} INFO - Processing /opt/airflow/dags/realtime_pipeline.py took 0.572 seconds
[2025-09-10T05:59:04.662+0000] {processor.py:157} INFO - Started process (PID=587) to work on /opt/airflow/dags/realtime_pipeline.py
[2025-09-10T05:59:04.663+0000] {processor.py:829} INFO - Processing file /opt/airflow/dags/realtime_pipeline.py for tasks to queue
[2025-09-10T05:59:04.665+0000] {logging_mixin.py:154} INFO - [2025-09-10T05:59:04.664+0000] {dagbag.py:536} INFO - Filling up the DagBag from /opt/airflow/dags/realtime_pipeline.py
[2025-09-10T05:59:04.704+0000] {processor.py:839} INFO - DAG(s) dict_keys(['realtime_pipeline']) retrieved from /opt/airflow/dags/realtime_pipeline.py
[2025-09-10T05:59:04.760+0000] {logging_mixin.py:154} INFO - [2025-09-10T05:59:04.760+0000] {dag.py:2941} INFO - Sync 1 DAGs
[2025-09-10T05:59:04.805+0000] {logging_mixin.py:154} INFO - [2025-09-10T05:59:04.804+0000] {dag.py:3722} INFO - Setting next_dagrun for realtime_pipeline to 2025-09-10T00:00:00+00:00, run_after=2025-09-11T00:00:00+00:00
[2025-09-10T05:59:04.840+0000] {processor.py:179} INFO - Processing /opt/airflow/dags/realtime_pipeline.py took 0.185 seconds
[2025-09-10T05:59:35.299+0000] {processor.py:157} INFO - Started process (PID=592) to work on /opt/airflow/dags/realtime_pipeline.py
[2025-09-10T05:59:35.301+0000] {processor.py:829} INFO - Processing file /opt/airflow/dags/realtime_pipeline.py for tasks to queue
[2025-09-10T05:59:35.302+0000] {logging_mixin.py:154} INFO - [2025-09-10T05:59:35.302+0000] {dagbag.py:536} INFO - Filling up the DagBag from /opt/airflow/dags/realtime_pipeline.py
[2025-09-10T05:59:35.339+0000] {processor.py:839} INFO - DAG(s) dict_keys(['realtime_pipeline']) retrieved from /opt/airflow/dags/realtime_pipeline.py
[2025-09-10T05:59:35.381+0000] {logging_mixin.py:154} INFO - [2025-09-10T05:59:35.381+0000] {dag.py:2941} INFO - Sync 1 DAGs
[2025-09-10T05:59:35.424+0000] {logging_mixin.py:154} INFO - [2025-09-10T05:59:35.423+0000] {dag.py:3722} INFO - Setting next_dagrun for realtime_pipeline to 2025-09-10T00:00:00+00:00, run_after=2025-09-11T00:00:00+00:00
[2025-09-10T05:59:35.453+0000] {processor.py:179} INFO - Processing /opt/airflow/dags/realtime_pipeline.py took 0.160 seconds
[2025-09-10T06:00:06.039+0000] {processor.py:157} INFO - Started process (PID=597) to work on /opt/airflow/dags/realtime_pipeline.py
[2025-09-10T06:00:06.041+0000] {processor.py:829} INFO - Processing file /opt/airflow/dags/realtime_pipeline.py for tasks to queue
[2025-09-10T06:00:06.042+0000] {logging_mixin.py:154} INFO - [2025-09-10T06:00:06.042+0000] {dagbag.py:536} INFO - Filling up the DagBag from /opt/airflow/dags/realtime_pipeline.py
[2025-09-10T06:00:06.076+0000] {processor.py:839} INFO - DAG(s) dict_keys(['realtime_pipeline']) retrieved from /opt/airflow/dags/realtime_pipeline.py
[2025-09-10T06:00:06.118+0000] {logging_mixin.py:154} INFO - [2025-09-10T06:00:06.118+0000] {dag.py:2941} INFO - Sync 1 DAGs
[2025-09-10T06:00:06.151+0000] {logging_mixin.py:154} INFO - [2025-09-10T06:00:06.150+0000] {dag.py:3722} INFO - Setting next_dagrun for realtime_pipeline to 2025-09-10T00:00:00+00:00, run_after=2025-09-11T00:00:00+00:00
[2025-09-10T06:00:06.176+0000] {processor.py:179} INFO - Processing /opt/airflow/dags/realtime_pipeline.py took 0.141 seconds
[2025-09-10T06:00:36.917+0000] {processor.py:157} INFO - Started process (PID=602) to work on /opt/airflow/dags/realtime_pipeline.py
[2025-09-10T06:00:36.919+0000] {processor.py:829} INFO - Processing file /opt/airflow/dags/realtime_pipeline.py for tasks to queue
[2025-09-10T06:00:36.921+0000] {logging_mixin.py:154} INFO - [2025-09-10T06:00:36.920+0000] {dagbag.py:536} INFO - Filling up the DagBag from /opt/airflow/dags/realtime_pipeline.py
[2025-09-10T06:00:36.955+0000] {processor.py:839} INFO - DAG(s) dict_keys(['realtime_pipeline']) retrieved from /opt/airflow/dags/realtime_pipeline.py
[2025-09-10T06:00:36.995+0000] {logging_mixin.py:154} INFO - [2025-09-10T06:00:36.995+0000] {dag.py:2941} INFO - Sync 1 DAGs
[2025-09-10T06:00:37.025+0000] {logging_mixin.py:154} INFO - [2025-09-10T06:00:37.025+0000] {dag.py:3722} INFO - Setting next_dagrun for realtime_pipeline to 2025-09-10T00:00:00+00:00, run_after=2025-09-11T00:00:00+00:00
[2025-09-10T06:00:37.053+0000] {processor.py:179} INFO - Processing /opt/airflow/dags/realtime_pipeline.py took 0.141 seconds
[2025-09-10T06:01:08.218+0000] {processor.py:157} INFO - Started process (PID=611) to work on /opt/airflow/dags/realtime_pipeline.py
[2025-09-10T06:01:08.260+0000] {processor.py:829} INFO - Processing file /opt/airflow/dags/realtime_pipeline.py for tasks to queue
[2025-09-10T06:01:08.267+0000] {logging_mixin.py:154} INFO - [2025-09-10T06:01:08.263+0000] {dagbag.py:536} INFO - Filling up the DagBag from /opt/airflow/dags/realtime_pipeline.py
